INFO - 2023-12-18 06:41:34 --> Session: Class initialized using 'CodeIgniter\Session\Handlers\FileHandler' driver.
INFO - 2023-12-18 06:45:26 --> Session: Class initialized using 'CodeIgniter\Session\Handlers\FileHandler' driver.
INFO - 2023-12-18 06:52:26 --> Session: Class initialized using 'CodeIgniter\Session\Handlers\FileHandler' driver.
INFO - 2023-12-18 10:16:52 --> Session: Class initialized using 'CodeIgniter\Session\Handlers\FileHandler' driver.
INFO - 2023-12-18 10:18:33 --> Session: Class initialized using 'CodeIgniter\Session\Handlers\FileHandler' driver.
INFO - 2023-12-18 10:18:33 --> Session: Class initialized using 'CodeIgniter\Session\Handlers\FileHandler' driver.
INFO - 2023-12-18 10:19:32 --> Session: Class initialized using 'CodeIgniter\Session\Handlers\FileHandler' driver.
CRITICAL - 2023-12-18 10:25:44 --> Undefined variable: product
in APPPATH\Views\product\index.php on line 119.
 1 APPPATH\Views\product\index.php(119): CodeIgniter\Debug\Exceptions->errorHandler(8, 'Undefined variable: product', 'F:\\xampp74\\htdocs\\Condeigniter_wdpf55\\codeigniter_admin_e-commerce_project\\codeigniter_admin_e-commerce_project\\app\\Views\\product\\index.php', 119, [...])
 2 SYSTEMPATH\View\View.php(228): include('F:\\xampp74\\htdocs\\Condeigniter_wdpf55\\codeigniter_admin_e-commerce_project\\codeigniter_admin_e-commerce_project\\app\\Views\\product\\index.php')
 3 SYSTEMPATH\View\View.php(231): CodeIgniter\View\View->CodeIgniter\View\{closure}()
 4 SYSTEMPATH\Common.php(1190): CodeIgniter\View\View->render('product/index', [], true)
 5 APPPATH\Controllers\Products.php(26): view('product/index', [...])
 6 SYSTEMPATH\CodeIgniter.php(942): App\Controllers\Products->index()
 7 SYSTEMPATH\CodeIgniter.php(502): CodeIgniter\CodeIgniter->runController(Object(App\Controllers\Products))
 8 SYSTEMPATH\CodeIgniter.php(361): CodeIgniter\CodeIgniter->handleRequest(null, Object(Config\Cache), false)
 9 FCPATH\index.php(79): CodeIgniter\CodeIgniter->run()
10 SYSTEMPATH\Commands\Server\rewrite.php(47): require_once('F:\\xampp74\\htdocs\\Condeigniter_wdpf55\\codeigniter_admin_e-commerce_project\\codeigniter_admin_e-commerce_project\\public\\index.php')
CRITICAL - 2023-12-18 10:26:07 --> Undefined variable: product
in APPPATH\Views\product\index.php on line 120.
 1 APPPATH\Views\product\index.php(120): CodeIgniter\Debug\Exceptions->errorHandler(8, 'Undefined variable: product', 'F:\\xampp74\\htdocs\\Condeigniter_wdpf55\\codeigniter_admin_e-commerce_project\\codeigniter_admin_e-commerce_project\\app\\Views\\product\\index.php', 120, [...])
 2 SYSTEMPATH\View\View.php(228): include('F:\\xampp74\\htdocs\\Condeigniter_wdpf55\\codeigniter_admin_e-commerce_project\\codeigniter_admin_e-commerce_project\\app\\Views\\product\\index.php')
 3 SYSTEMPATH\View\View.php(231): CodeIgniter\View\View->CodeIgniter\View\{closure}()
 4 SYSTEMPATH\Common.php(1190): CodeIgniter\View\View->render('product/index', [], true)
 5 APPPATH\Controllers\Products.php(26): view('product/index', [...])
 6 SYSTEMPATH\CodeIgniter.php(942): App\Controllers\Products->index()
 7 SYSTEMPATH\CodeIgniter.php(502): CodeIgniter\CodeIgniter->runController(Object(App\Controllers\Products))
 8 SYSTEMPATH\CodeIgniter.php(361): CodeIgniter\CodeIgniter->handleRequest(null, Object(Config\Cache), false)
 9 FCPATH\index.php(79): CodeIgniter\CodeIgniter->run()
10 SYSTEMPATH\Commands\Server\rewrite.php(47): require_once('F:\\xampp74\\htdocs\\Condeigniter_wdpf55\\codeigniter_admin_e-commerce_project\\codeigniter_admin_e-commerce_project\\public\\index.php')
INFO - 2023-12-18 10:52:57 --> Session: Class initialized using 'CodeIgniter\Session\Handlers\FileHandler' driver.
