ERROR - 2023-12-21 04:32:06 --> mysqli_sql_exception: Table 'fruitkha.category_name' doesn't exist in F:\xampp74\htdocs\Condeigniter_wdpf55\codeigniter_admin_e-commerce_project\system\Database\MySQLi\Connection.php:306
Stack trace:
#0 F:\xampp74\htdocs\Condeigniter_wdpf55\codeigniter_admin_e-commerce_project\system\Database\MySQLi\Connection.php(306): mysqli->query('SELECT *, `tbl_...', 0)
#1 F:\xampp74\htdocs\Condeigniter_wdpf55\codeigniter_admin_e-commerce_project\system\Database\BaseConnection.php(693): CodeIgniter\Database\MySQLi\Connection->execute('SELECT *, `tbl_...')
#2 F:\xampp74\htdocs\Condeigniter_wdpf55\codeigniter_admin_e-commerce_project\system\Database\BaseConnection.php(607): CodeIgniter\Database\BaseConnection->simpleQuery('SELECT *, `tbl_...')
#3 F:\xampp74\htdocs\Condeigniter_wdpf55\codeigniter_admin_e-commerce_project\system\Database\BaseBuilder.php(1615): CodeIgniter\Database\BaseConnection->query('SELECT *, `tbl_...', Array, false)
#4 F:\xampp74\htdocs\Condeigniter_wdpf55\codeigniter_admin_e-commerce_project\system\Model.php(237): CodeIgniter\Database\BaseBuilder->get()
#5 F:\xampp74\htdocs\Condeigniter_wdpf55\codeigniter_admin_e-commerce_project\system\BaseModel.php(624): CodeIgniter\Model->doFindAll(0, 0)
#6 F:\xampp74\htdocs\Condeigniter_wdpf55\codeigniter_admin_e-commerce_project\app\Controllers\Products.php(26): CodeIgniter\BaseModel->findAll()
#7 F:\xampp74\htdocs\Condeigniter_wdpf55\codeigniter_admin_e-commerce_project\system\CodeIgniter.php(942): App\Controllers\Products->index()
#8 F:\xampp74\htdocs\Condeigniter_wdpf55\codeigniter_admin_e-commerce_project\system\CodeIgniter.php(502): CodeIgniter\CodeIgniter->runController(Object(App\Controllers\Products))
#9 F:\xampp74\htdocs\Condeigniter_wdpf55\codeigniter_admin_e-commerce_project\system\CodeIgniter.php(361): CodeIgniter\CodeIgniter->handleRequest(NULL, Object(Config\Cache), false)
#10 F:\xampp74\htdocs\Condeigniter_wdpf55\codeigniter_admin_e-commerce_project\public\index.php(79): CodeIgniter\CodeIgniter->run()
#11 F:\xampp74\htdocs\Condeigniter_wdpf55\codeigniter_admin_e-commerce_project\system\Commands\Server\rewrite.php(47): require_once('F:\\xampp74\\htdo...')
#12 {main}
CRITICAL - 2023-12-21 04:32:06 --> Table 'fruitkha.category_name' doesn't exist
in SYSTEMPATH\Database\BaseConnection.php on line 647.
 1 SYSTEMPATH\Database\BaseBuilder.php(1615): CodeIgniter\Database\BaseConnection->query('SELECT *, `tbl_product`.`product_id` as `pid`, `tbl_category`.`id` as `catid`, `tbl_brand`.`brand_id` as `bid`
FROM `tbl_product`
JOIN `category_name` USING (`brand_name`)', [], false)
 2 SYSTEMPATH\Model.php(237): CodeIgniter\Database\BaseBuilder->get()
 3 SYSTEMPATH\BaseModel.php(624): CodeIgniter\Model->doFindAll(0, 0)
 4 APPPATH\Controllers\Products.php(26): CodeIgniter\BaseModel->findAll()
 5 SYSTEMPATH\CodeIgniter.php(942): App\Controllers\Products->index()
 6 SYSTEMPATH\CodeIgniter.php(502): CodeIgniter\CodeIgniter->runController(Object(App\Controllers\Products))
 7 SYSTEMPATH\CodeIgniter.php(361): CodeIgniter\CodeIgniter->handleRequest(null, Object(Config\Cache), false)
 8 FCPATH\index.php(79): CodeIgniter\CodeIgniter->run()
 9 SYSTEMPATH\Commands\Server\rewrite.php(47): require_once('F:\\xampp74\\htdocs\\Condeigniter_wdpf55\\codeigniter_admin_e-commerce_project\\public\\index.php')
ERROR - 2023-12-21 04:32:21 --> mysqli_sql_exception: Table 'fruitkha.category_name' doesn't exist in F:\xampp74\htdocs\Condeigniter_wdpf55\codeigniter_admin_e-commerce_project\system\Database\MySQLi\Connection.php:306
Stack trace:
#0 F:\xampp74\htdocs\Condeigniter_wdpf55\codeigniter_admin_e-commerce_project\system\Database\MySQLi\Connection.php(306): mysqli->query('SELECT *, `tbl_...', 0)
#1 F:\xampp74\htdocs\Condeigniter_wdpf55\codeigniter_admin_e-commerce_project\system\Database\BaseConnection.php(693): CodeIgniter\Database\MySQLi\Connection->execute('SELECT *, `tbl_...')
#2 F:\xampp74\htdocs\Condeigniter_wdpf55\codeigniter_admin_e-commerce_project\system\Database\BaseConnection.php(607): CodeIgniter\Database\BaseConnection->simpleQuery('SELECT *, `tbl_...')
#3 F:\xampp74\htdocs\Condeigniter_wdpf55\codeigniter_admin_e-commerce_project\system\Database\BaseBuilder.php(1615): CodeIgniter\Database\BaseConnection->query('SELECT *, `tbl_...', Array, false)
#4 F:\xampp74\htdocs\Condeigniter_wdpf55\codeigniter_admin_e-commerce_project\system\Model.php(237): CodeIgniter\Database\BaseBuilder->get()
#5 F:\xampp74\htdocs\Condeigniter_wdpf55\codeigniter_admin_e-commerce_project\system\BaseModel.php(624): CodeIgniter\Model->doFindAll(0, 0)
#6 F:\xampp74\htdocs\Condeigniter_wdpf55\codeigniter_admin_e-commerce_project\app\Controllers\Products.php(26): CodeIgniter\BaseModel->findAll()
#7 F:\xampp74\htdocs\Condeigniter_wdpf55\codeigniter_admin_e-commerce_project\system\CodeIgniter.php(942): App\Controllers\Products->index()
#8 F:\xampp74\htdocs\Condeigniter_wdpf55\codeigniter_admin_e-commerce_project\system\CodeIgniter.php(502): CodeIgniter\CodeIgniter->runController(Object(App\Controllers\Products))
#9 F:\xampp74\htdocs\Condeigniter_wdpf55\codeigniter_admin_e-commerce_project\system\CodeIgniter.php(361): CodeIgniter\CodeIgniter->handleRequest(NULL, Object(Config\Cache), false)
#10 F:\xampp74\htdocs\Condeigniter_wdpf55\codeigniter_admin_e-commerce_project\public\index.php(79): CodeIgniter\CodeIgniter->run()
#11 F:\xampp74\htdocs\Condeigniter_wdpf55\codeigniter_admin_e-commerce_project\system\Commands\Server\rewrite.php(47): require_once('F:\\xampp74\\htdo...')
#12 {main}
CRITICAL - 2023-12-21 04:32:21 --> Table 'fruitkha.category_name' doesn't exist
in SYSTEMPATH\Database\BaseConnection.php on line 647.
 1 SYSTEMPATH\Database\BaseBuilder.php(1615): CodeIgniter\Database\BaseConnection->query('SELECT *, `tbl_product`.`product_id` as `pid`, `tbl_category`.`id` as `catid`, `tbl_brand`.`brand_id` as `bid`
FROM `tbl_product`
JOIN `category_name` USING (`brand_name`)', [], false)
 2 SYSTEMPATH\Model.php(237): CodeIgniter\Database\BaseBuilder->get()
 3 SYSTEMPATH\BaseModel.php(624): CodeIgniter\Model->doFindAll(0, 0)
 4 APPPATH\Controllers\Products.php(26): CodeIgniter\BaseModel->findAll()
 5 SYSTEMPATH\CodeIgniter.php(942): App\Controllers\Products->index()
 6 SYSTEMPATH\CodeIgniter.php(502): CodeIgniter\CodeIgniter->runController(Object(App\Controllers\Products))
 7 SYSTEMPATH\CodeIgniter.php(361): CodeIgniter\CodeIgniter->handleRequest(null, Object(Config\Cache), false)
 8 FCPATH\index.php(79): CodeIgniter\CodeIgniter->run()
 9 SYSTEMPATH\Commands\Server\rewrite.php(47): require_once('F:\\xampp74\\htdocs\\Condeigniter_wdpf55\\codeigniter_admin_e-commerce_project\\public\\index.php')
INFO - 2023-12-21 04:40:11 --> Session: Class initialized using 'CodeIgniter\Session\Handlers\FileHandler' driver.
CRITICAL - 2023-12-21 05:48:19 --> Undefined variable: title
in APPPATH\Views\product\edit.php on line 6.
 1 APPPATH\Views\product\edit.php(6): CodeIgniter\Debug\Exceptions->errorHandler(8, 'Undefined variable: title', 'F:\\xampp74\\htdocs\\Condeigniter_wdpf55\\codeigniter_admin_e-commerce_project\\app\\Views\\product\\edit.php', 6, [...])
 2 SYSTEMPATH\View\View.php(228): include('F:\\xampp74\\htdocs\\Condeigniter_wdpf55\\codeigniter_admin_e-commerce_project\\app\\Views\\product\\edit.php')
 3 SYSTEMPATH\View\View.php(231): CodeIgniter\View\View->CodeIgniter\View\{closure}()
 4 SYSTEMPATH\Common.php(1190): CodeIgniter\View\View->render('product/edit', [], true)
 5 APPPATH\Controllers\Products.php(75): view('product/edit', [...])
 6 SYSTEMPATH\CodeIgniter.php(942): App\Controllers\Products->edit('1')
 7 SYSTEMPATH\CodeIgniter.php(502): CodeIgniter\CodeIgniter->runController(Object(App\Controllers\Products))
 8 SYSTEMPATH\CodeIgniter.php(361): CodeIgniter\CodeIgniter->handleRequest(null, Object(Config\Cache), false)
 9 FCPATH\index.php(79): CodeIgniter\CodeIgniter->run()
10 SYSTEMPATH\Commands\Server\rewrite.php(47): require_once('F:\\xampp74\\htdocs\\Condeigniter_wdpf55\\codeigniter_admin_e-commerce_project\\public\\index.php')
CRITICAL - 2023-12-21 05:51:11 --> Undefined variable: title
in APPPATH\Views\product\edit.php on line 6.
 1 APPPATH\Views\product\edit.php(6): CodeIgniter\Debug\Exceptions->errorHandler(8, 'Undefined variable: title', 'F:\\xampp74\\htdocs\\Condeigniter_wdpf55\\codeigniter_admin_e-commerce_project\\app\\Views\\product\\edit.php', 6, [...])
 2 SYSTEMPATH\View\View.php(228): include('F:\\xampp74\\htdocs\\Condeigniter_wdpf55\\codeigniter_admin_e-commerce_project\\app\\Views\\product\\edit.php')
 3 SYSTEMPATH\View\View.php(231): CodeIgniter\View\View->CodeIgniter\View\{closure}()
 4 SYSTEMPATH\Common.php(1190): CodeIgniter\View\View->render('product/edit', [], true)
 5 APPPATH\Controllers\Products.php(77): view('product/edit', [...])
 6 SYSTEMPATH\CodeIgniter.php(942): App\Controllers\Products->edit('1')
 7 SYSTEMPATH\CodeIgniter.php(502): CodeIgniter\CodeIgniter->runController(Object(App\Controllers\Products))
 8 SYSTEMPATH\CodeIgniter.php(361): CodeIgniter\CodeIgniter->handleRequest(null, Object(Config\Cache), false)
 9 FCPATH\index.php(79): CodeIgniter\CodeIgniter->run()
10 SYSTEMPATH\Commands\Server\rewrite.php(47): require_once('F:\\xampp74\\htdocs\\Condeigniter_wdpf55\\codeigniter_admin_e-commerce_project\\public\\index.php')
CRITICAL - 2023-12-21 06:03:43 --> Undefined variable: products
in APPPATH\Views\product\edit.php on line 130.
 1 APPPATH\Views\product\edit.php(130): CodeIgniter\Debug\Exceptions->errorHandler(8, 'Undefined variable: products', 'F:\\xampp74\\htdocs\\Condeigniter_wdpf55\\codeigniter_admin_e-commerce_project\\app\\Views\\product\\edit.php', 130, [...])
 2 SYSTEMPATH\View\View.php(228): include('F:\\xampp74\\htdocs\\Condeigniter_wdpf55\\codeigniter_admin_e-commerce_project\\app\\Views\\product\\edit.php')
 3 SYSTEMPATH\View\View.php(231): CodeIgniter\View\View->CodeIgniter\View\{closure}()
 4 SYSTEMPATH\Common.php(1190): CodeIgniter\View\View->render('product/edit', [], true)
 5 APPPATH\Controllers\Products.php(78): view('product/edit', [...])
 6 SYSTEMPATH\CodeIgniter.php(942): App\Controllers\Products->edit('1')
 7 SYSTEMPATH\CodeIgniter.php(502): CodeIgniter\CodeIgniter->runController(Object(App\Controllers\Products))
 8 SYSTEMPATH\CodeIgniter.php(361): CodeIgniter\CodeIgniter->handleRequest(null, Object(Config\Cache), false)
 9 FCPATH\index.php(79): CodeIgniter\CodeIgniter->run()
10 SYSTEMPATH\Commands\Server\rewrite.php(47): require_once('F:\\xampp74\\htdocs\\Condeigniter_wdpf55\\codeigniter_admin_e-commerce_project\\public\\index.php')
CRITICAL - 2023-12-21 06:03:54 --> Undefined index: product_category 
in APPPATH\Views\product\edit.php on line 130.
 1 APPPATH\Views\product\edit.php(130): CodeIgniter\Debug\Exceptions->errorHandler(8, 'Undefined index: product_category ', 'F:\\xampp74\\htdocs\\Condeigniter_wdpf55\\codeigniter_admin_e-commerce_project\\app\\Views\\product\\edit.php', 130, [...])
 2 SYSTEMPATH\View\View.php(228): include('F:\\xampp74\\htdocs\\Condeigniter_wdpf55\\codeigniter_admin_e-commerce_project\\app\\Views\\product\\edit.php')
 3 SYSTEMPATH\View\View.php(231): CodeIgniter\View\View->CodeIgniter\View\{closure}()
 4 SYSTEMPATH\Common.php(1190): CodeIgniter\View\View->render('product/edit', [], true)
 5 APPPATH\Controllers\Products.php(78): view('product/edit', [...])
 6 SYSTEMPATH\CodeIgniter.php(942): App\Controllers\Products->edit('1')
 7 SYSTEMPATH\CodeIgniter.php(502): CodeIgniter\CodeIgniter->runController(Object(App\Controllers\Products))
 8 SYSTEMPATH\CodeIgniter.php(361): CodeIgniter\CodeIgniter->handleRequest(null, Object(Config\Cache), false)
 9 FCPATH\index.php(79): CodeIgniter\CodeIgniter->run()
10 SYSTEMPATH\Commands\Server\rewrite.php(47): require_once('F:\\xampp74\\htdocs\\Condeigniter_wdpf55\\codeigniter_admin_e-commerce_project\\public\\index.php')
CRITICAL - 2023-12-21 06:07:08 --> Undefined index: id
in APPPATH\Views\product\edit.php on line 145.
 1 APPPATH\Views\product\edit.php(145): CodeIgniter\Debug\Exceptions->errorHandler(8, 'Undefined index: id', 'F:\\xampp74\\htdocs\\Condeigniter_wdpf55\\codeigniter_admin_e-commerce_project\\app\\Views\\product\\edit.php', 145, [...])
 2 SYSTEMPATH\View\View.php(228): include('F:\\xampp74\\htdocs\\Condeigniter_wdpf55\\codeigniter_admin_e-commerce_project\\app\\Views\\product\\edit.php')
 3 SYSTEMPATH\View\View.php(231): CodeIgniter\View\View->CodeIgniter\View\{closure}()
 4 SYSTEMPATH\Common.php(1190): CodeIgniter\View\View->render('product/edit', [], true)
 5 APPPATH\Controllers\Products.php(78): view('product/edit', [...])
 6 SYSTEMPATH\CodeIgniter.php(942): App\Controllers\Products->edit('1')
 7 SYSTEMPATH\CodeIgniter.php(502): CodeIgniter\CodeIgniter->runController(Object(App\Controllers\Products))
 8 SYSTEMPATH\CodeIgniter.php(361): CodeIgniter\CodeIgniter->handleRequest(null, Object(Config\Cache), false)
 9 FCPATH\index.php(79): CodeIgniter\CodeIgniter->run()
10 SYSTEMPATH\Commands\Server\rewrite.php(47): require_once('F:\\xampp74\\htdocs\\Condeigniter_wdpf55\\codeigniter_admin_e-commerce_project\\public\\index.php')
CRITICAL - 2023-12-21 06:10:33 --> Undefined variable: item
in APPPATH\Views\product\edit.php on line 105.
 1 APPPATH\Views\product\edit.php(105): CodeIgniter\Debug\Exceptions->errorHandler(8, 'Undefined variable: item', 'F:\\xampp74\\htdocs\\Condeigniter_wdpf55\\codeigniter_admin_e-commerce_project\\app\\Views\\product\\edit.php', 105, [...])
 2 SYSTEMPATH\View\View.php(228): include('F:\\xampp74\\htdocs\\Condeigniter_wdpf55\\codeigniter_admin_e-commerce_project\\app\\Views\\product\\edit.php')
 3 SYSTEMPATH\View\View.php(231): CodeIgniter\View\View->CodeIgniter\View\{closure}()
 4 SYSTEMPATH\Common.php(1190): CodeIgniter\View\View->render('product/edit', [], true)
 5 APPPATH\Controllers\Products.php(78): view('product/edit', [...])
 6 SYSTEMPATH\CodeIgniter.php(942): App\Controllers\Products->edit('1')
 7 SYSTEMPATH\CodeIgniter.php(502): CodeIgniter\CodeIgniter->runController(Object(App\Controllers\Products))
 8 SYSTEMPATH\CodeIgniter.php(361): CodeIgniter\CodeIgniter->handleRequest(null, Object(Config\Cache), false)
 9 FCPATH\index.php(79): CodeIgniter\CodeIgniter->run()
10 SYSTEMPATH\Commands\Server\rewrite.php(47): require_once('F:\\xampp74\\htdocs\\Condeigniter_wdpf55\\codeigniter_admin_e-commerce_project\\public\\index.php')
CRITICAL - 2023-12-21 06:10:35 --> Undefined variable: item
in APPPATH\Views\product\edit.php on line 105.
 1 APPPATH\Views\product\edit.php(105): CodeIgniter\Debug\Exceptions->errorHandler(8, 'Undefined variable: item', 'F:\\xampp74\\htdocs\\Condeigniter_wdpf55\\codeigniter_admin_e-commerce_project\\app\\Views\\product\\edit.php', 105, [...])
 2 SYSTEMPATH\View\View.php(228): include('F:\\xampp74\\htdocs\\Condeigniter_wdpf55\\codeigniter_admin_e-commerce_project\\app\\Views\\product\\edit.php')
 3 SYSTEMPATH\View\View.php(231): CodeIgniter\View\View->CodeIgniter\View\{closure}()
 4 SYSTEMPATH\Common.php(1190): CodeIgniter\View\View->render('product/edit', [], true)
 5 APPPATH\Controllers\Products.php(78): view('product/edit', [...])
 6 SYSTEMPATH\CodeIgniter.php(942): App\Controllers\Products->edit('1')
 7 SYSTEMPATH\CodeIgniter.php(502): CodeIgniter\CodeIgniter->runController(Object(App\Controllers\Products))
 8 SYSTEMPATH\CodeIgniter.php(361): CodeIgniter\CodeIgniter->handleRequest(null, Object(Config\Cache), false)
 9 FCPATH\index.php(79): CodeIgniter\CodeIgniter->run()
10 SYSTEMPATH\Commands\Server\rewrite.php(47): require_once('F:\\xampp74\\htdocs\\Condeigniter_wdpf55\\codeigniter_admin_e-commerce_project\\public\\index.php')
CRITICAL - 2023-12-21 06:11:55 --> Undefined variable: product_id
in APPPATH\Views\product\edit.php on line 80.
 1 APPPATH\Views\product\edit.php(80): CodeIgniter\Debug\Exceptions->errorHandler(8, 'Undefined variable: product_id', 'F:\\xampp74\\htdocs\\Condeigniter_wdpf55\\codeigniter_admin_e-commerce_project\\app\\Views\\product\\edit.php', 80, [...])
 2 SYSTEMPATH\View\View.php(228): include('F:\\xampp74\\htdocs\\Condeigniter_wdpf55\\codeigniter_admin_e-commerce_project\\app\\Views\\product\\edit.php')
 3 SYSTEMPATH\View\View.php(231): CodeIgniter\View\View->CodeIgniter\View\{closure}()
 4 SYSTEMPATH\Common.php(1190): CodeIgniter\View\View->render('product/edit', [], true)
 5 APPPATH\Controllers\Products.php(78): view('product/edit', [...])
 6 SYSTEMPATH\CodeIgniter.php(942): App\Controllers\Products->edit('1')
 7 SYSTEMPATH\CodeIgniter.php(502): CodeIgniter\CodeIgniter->runController(Object(App\Controllers\Products))
 8 SYSTEMPATH\CodeIgniter.php(361): CodeIgniter\CodeIgniter->handleRequest(null, Object(Config\Cache), false)
 9 FCPATH\index.php(79): CodeIgniter\CodeIgniter->run()
10 SYSTEMPATH\Commands\Server\rewrite.php(47): require_once('F:\\xampp74\\htdocs\\Condeigniter_wdpf55\\codeigniter_admin_e-commerce_project\\public\\index.php')
INFO - 2023-12-21 06:46:12 --> Session: Class initialized using 'CodeIgniter\Session\Handlers\FileHandler' driver.
INFO - 2023-12-21 06:46:47 --> Session: Class initialized using 'CodeIgniter\Session\Handlers\FileHandler' driver.
INFO - 2023-12-21 06:46:58 --> Session: Class initialized using 'CodeIgniter\Session\Handlers\FileHandler' driver.
CRITICAL - 2023-12-21 06:50:47 --> Undefined index: category_name
in APPPATH\Views\product\index.php on line 110.
 1 APPPATH\Views\product\index.php(110): CodeIgniter\Debug\Exceptions->errorHandler(8, 'Undefined index: category_name', 'F:\\xampp74\\htdocs\\Condeigniter_wdpf55\\codeigniter_admin_e-commerce_project\\app\\Views\\product\\index.php', 110, [...])
 2 SYSTEMPATH\View\View.php(228): include('F:\\xampp74\\htdocs\\Condeigniter_wdpf55\\codeigniter_admin_e-commerce_project\\app\\Views\\product\\index.php')
 3 SYSTEMPATH\View\View.php(231): CodeIgniter\View\View->CodeIgniter\View\{closure}()
 4 SYSTEMPATH\Common.php(1190): CodeIgniter\View\View->render('product/index', [], true)
 5 APPPATH\Controllers\Products.php(26): view('product/index', [...])
 6 SYSTEMPATH\CodeIgniter.php(942): App\Controllers\Products->index()
 7 SYSTEMPATH\CodeIgniter.php(502): CodeIgniter\CodeIgniter->runController(Object(App\Controllers\Products))
 8 SYSTEMPATH\CodeIgniter.php(361): CodeIgniter\CodeIgniter->handleRequest(null, Object(Config\Cache), false)
 9 FCPATH\index.php(79): CodeIgniter\CodeIgniter->run()
10 SYSTEMPATH\Commands\Server\rewrite.php(47): require_once('F:\\xampp74\\htdocs\\Condeigniter_wdpf55\\codeigniter_admin_e-commerce_project\\public\\index.php')
ERROR - 2023-12-21 06:51:46 --> mysqli_sql_exception: Table 'fruitkha.category_name' doesn't exist in F:\xampp74\htdocs\Condeigniter_wdpf55\codeigniter_admin_e-commerce_project\system\Database\MySQLi\Connection.php:306
Stack trace:
#0 F:\xampp74\htdocs\Condeigniter_wdpf55\codeigniter_admin_e-commerce_project\system\Database\MySQLi\Connection.php(306): mysqli->query('SELECT *\nFROM `...', 0)
#1 F:\xampp74\htdocs\Condeigniter_wdpf55\codeigniter_admin_e-commerce_project\system\Database\BaseConnection.php(693): CodeIgniter\Database\MySQLi\Connection->execute('SELECT *\nFROM `...')
#2 F:\xampp74\htdocs\Condeigniter_wdpf55\codeigniter_admin_e-commerce_project\system\Database\BaseConnection.php(607): CodeIgniter\Database\BaseConnection->simpleQuery('SELECT *\nFROM `...')
#3 F:\xampp74\htdocs\Condeigniter_wdpf55\codeigniter_admin_e-commerce_project\system\Database\BaseBuilder.php(1615): CodeIgniter\Database\BaseConnection->query('SELECT *\nFROM `...', Array, false)
#4 F:\xampp74\htdocs\Condeigniter_wdpf55\codeigniter_admin_e-commerce_project\system\Model.php(237): CodeIgniter\Database\BaseBuilder->get()
#5 F:\xampp74\htdocs\Condeigniter_wdpf55\codeigniter_admin_e-commerce_project\system\BaseModel.php(624): CodeIgniter\Model->doFindAll(0, 0)
#6 F:\xampp74\htdocs\Condeigniter_wdpf55\codeigniter_admin_e-commerce_project\app\Controllers\Products.php(25): CodeIgniter\BaseModel->findAll()
#7 F:\xampp74\htdocs\Condeigniter_wdpf55\codeigniter_admin_e-commerce_project\system\CodeIgniter.php(942): App\Controllers\Products->index()
#8 F:\xampp74\htdocs\Condeigniter_wdpf55\codeigniter_admin_e-commerce_project\system\CodeIgniter.php(502): CodeIgniter\CodeIgniter->runController(Object(App\Controllers\Products))
#9 F:\xampp74\htdocs\Condeigniter_wdpf55\codeigniter_admin_e-commerce_project\system\CodeIgniter.php(361): CodeIgniter\CodeIgniter->handleRequest(NULL, Object(Config\Cache), false)
#10 F:\xampp74\htdocs\Condeigniter_wdpf55\codeigniter_admin_e-commerce_project\public\index.php(79): CodeIgniter\CodeIgniter->run()
#11 F:\xampp74\htdocs\Condeigniter_wdpf55\codeigniter_admin_e-commerce_project\system\Commands\Server\rewrite.php(47): require_once('F:\\xampp74\\htdo...')
#12 {main}
CRITICAL - 2023-12-21 06:51:46 --> Table 'fruitkha.category_name' doesn't exist
in SYSTEMPATH\Database\BaseConnection.php on line 647.
 1 SYSTEMPATH\Database\BaseBuilder.php(1615): CodeIgniter\Database\BaseConnection->query('SELECT *
FROM `tbl_product`
JOIN `category_name` USING (`brand_name`)', [], false)
 2 SYSTEMPATH\Model.php(237): CodeIgniter\Database\BaseBuilder->get()
 3 SYSTEMPATH\BaseModel.php(624): CodeIgniter\Model->doFindAll(0, 0)
 4 APPPATH\Controllers\Products.php(25): CodeIgniter\BaseModel->findAll()
 5 SYSTEMPATH\CodeIgniter.php(942): App\Controllers\Products->index()
 6 SYSTEMPATH\CodeIgniter.php(502): CodeIgniter\CodeIgniter->runController(Object(App\Controllers\Products))
 7 SYSTEMPATH\CodeIgniter.php(361): CodeIgniter\CodeIgniter->handleRequest(null, Object(Config\Cache), false)
 8 FCPATH\index.php(79): CodeIgniter\CodeIgniter->run()
 9 SYSTEMPATH\Commands\Server\rewrite.php(47): require_once('F:\\xampp74\\htdocs\\Condeigniter_wdpf55\\codeigniter_admin_e-commerce_project\\public\\index.php')
ERROR - 2023-12-21 06:52:17 --> mysqli_sql_exception: Table 'fruitkha.category_name' doesn't exist in F:\xampp74\htdocs\Condeigniter_wdpf55\codeigniter_admin_e-commerce_project\system\Database\MySQLi\Connection.php:306
Stack trace:
#0 F:\xampp74\htdocs\Condeigniter_wdpf55\codeigniter_admin_e-commerce_project\system\Database\MySQLi\Connection.php(306): mysqli->query('SELECT *\nFROM `...', 0)
#1 F:\xampp74\htdocs\Condeigniter_wdpf55\codeigniter_admin_e-commerce_project\system\Database\BaseConnection.php(693): CodeIgniter\Database\MySQLi\Connection->execute('SELECT *\nFROM `...')
#2 F:\xampp74\htdocs\Condeigniter_wdpf55\codeigniter_admin_e-commerce_project\system\Database\BaseConnection.php(607): CodeIgniter\Database\BaseConnection->simpleQuery('SELECT *\nFROM `...')
#3 F:\xampp74\htdocs\Condeigniter_wdpf55\codeigniter_admin_e-commerce_project\system\Database\BaseBuilder.php(1615): CodeIgniter\Database\BaseConnection->query('SELECT *\nFROM `...', Array, false)
#4 F:\xampp74\htdocs\Condeigniter_wdpf55\codeigniter_admin_e-commerce_project\system\Model.php(237): CodeIgniter\Database\BaseBuilder->get()
#5 F:\xampp74\htdocs\Condeigniter_wdpf55\codeigniter_admin_e-commerce_project\system\BaseModel.php(624): CodeIgniter\Model->doFindAll(0, 0)
#6 F:\xampp74\htdocs\Condeigniter_wdpf55\codeigniter_admin_e-commerce_project\app\Controllers\Products.php(27): CodeIgniter\BaseModel->findAll()
#7 F:\xampp74\htdocs\Condeigniter_wdpf55\codeigniter_admin_e-commerce_project\system\CodeIgniter.php(942): App\Controllers\Products->index()
#8 F:\xampp74\htdocs\Condeigniter_wdpf55\codeigniter_admin_e-commerce_project\system\CodeIgniter.php(502): CodeIgniter\CodeIgniter->runController(Object(App\Controllers\Products))
#9 F:\xampp74\htdocs\Condeigniter_wdpf55\codeigniter_admin_e-commerce_project\system\CodeIgniter.php(361): CodeIgniter\CodeIgniter->handleRequest(NULL, Object(Config\Cache), false)
#10 F:\xampp74\htdocs\Condeigniter_wdpf55\codeigniter_admin_e-commerce_project\public\index.php(79): CodeIgniter\CodeIgniter->run()
#11 F:\xampp74\htdocs\Condeigniter_wdpf55\codeigniter_admin_e-commerce_project\system\Commands\Server\rewrite.php(47): require_once('F:\\xampp74\\htdo...')
#12 {main}
CRITICAL - 2023-12-21 06:52:17 --> Table 'fruitkha.category_name' doesn't exist
in SYSTEMPATH\Database\BaseConnection.php on line 647.
 1 SYSTEMPATH\Database\BaseBuilder.php(1615): CodeIgniter\Database\BaseConnection->query('SELECT *
FROM `tbl_product`
JOIN `category_name` USING (`brand_name`)', [], false)
 2 SYSTEMPATH\Model.php(237): CodeIgniter\Database\BaseBuilder->get()
 3 SYSTEMPATH\BaseModel.php(624): CodeIgniter\Model->doFindAll(0, 0)
 4 APPPATH\Controllers\Products.php(27): CodeIgniter\BaseModel->findAll()
 5 SYSTEMPATH\CodeIgniter.php(942): App\Controllers\Products->index()
 6 SYSTEMPATH\CodeIgniter.php(502): CodeIgniter\CodeIgniter->runController(Object(App\Controllers\Products))
 7 SYSTEMPATH\CodeIgniter.php(361): CodeIgniter\CodeIgniter->handleRequest(null, Object(Config\Cache), false)
 8 FCPATH\index.php(79): CodeIgniter\CodeIgniter->run()
 9 SYSTEMPATH\Commands\Server\rewrite.php(47): require_once('F:\\xampp74\\htdocs\\Condeigniter_wdpf55\\codeigniter_admin_e-commerce_project\\public\\index.php')
ERROR - 2023-12-21 06:52:18 --> mysqli_sql_exception: Table 'fruitkha.category_name' doesn't exist in F:\xampp74\htdocs\Condeigniter_wdpf55\codeigniter_admin_e-commerce_project\system\Database\MySQLi\Connection.php:306
Stack trace:
#0 F:\xampp74\htdocs\Condeigniter_wdpf55\codeigniter_admin_e-commerce_project\system\Database\MySQLi\Connection.php(306): mysqli->query('SELECT *\nFROM `...', 0)
#1 F:\xampp74\htdocs\Condeigniter_wdpf55\codeigniter_admin_e-commerce_project\system\Database\BaseConnection.php(693): CodeIgniter\Database\MySQLi\Connection->execute('SELECT *\nFROM `...')
#2 F:\xampp74\htdocs\Condeigniter_wdpf55\codeigniter_admin_e-commerce_project\system\Database\BaseConnection.php(607): CodeIgniter\Database\BaseConnection->simpleQuery('SELECT *\nFROM `...')
#3 F:\xampp74\htdocs\Condeigniter_wdpf55\codeigniter_admin_e-commerce_project\system\Database\BaseBuilder.php(1615): CodeIgniter\Database\BaseConnection->query('SELECT *\nFROM `...', Array, false)
#4 F:\xampp74\htdocs\Condeigniter_wdpf55\codeigniter_admin_e-commerce_project\system\Model.php(237): CodeIgniter\Database\BaseBuilder->get()
#5 F:\xampp74\htdocs\Condeigniter_wdpf55\codeigniter_admin_e-commerce_project\system\BaseModel.php(624): CodeIgniter\Model->doFindAll(0, 0)
#6 F:\xampp74\htdocs\Condeigniter_wdpf55\codeigniter_admin_e-commerce_project\app\Controllers\Products.php(27): CodeIgniter\BaseModel->findAll()
#7 F:\xampp74\htdocs\Condeigniter_wdpf55\codeigniter_admin_e-commerce_project\system\CodeIgniter.php(942): App\Controllers\Products->index()
#8 F:\xampp74\htdocs\Condeigniter_wdpf55\codeigniter_admin_e-commerce_project\system\CodeIgniter.php(502): CodeIgniter\CodeIgniter->runController(Object(App\Controllers\Products))
#9 F:\xampp74\htdocs\Condeigniter_wdpf55\codeigniter_admin_e-commerce_project\system\CodeIgniter.php(361): CodeIgniter\CodeIgniter->handleRequest(NULL, Object(Config\Cache), false)
#10 F:\xampp74\htdocs\Condeigniter_wdpf55\codeigniter_admin_e-commerce_project\public\index.php(79): CodeIgniter\CodeIgniter->run()
#11 F:\xampp74\htdocs\Condeigniter_wdpf55\codeigniter_admin_e-commerce_project\system\Commands\Server\rewrite.php(47): require_once('F:\\xampp74\\htdo...')
#12 {main}
CRITICAL - 2023-12-21 06:52:18 --> Table 'fruitkha.category_name' doesn't exist
in SYSTEMPATH\Database\BaseConnection.php on line 647.
 1 SYSTEMPATH\Database\BaseBuilder.php(1615): CodeIgniter\Database\BaseConnection->query('SELECT *
FROM `tbl_product`
JOIN `category_name` USING (`brand_name`)', [], false)
 2 SYSTEMPATH\Model.php(237): CodeIgniter\Database\BaseBuilder->get()
 3 SYSTEMPATH\BaseModel.php(624): CodeIgniter\Model->doFindAll(0, 0)
 4 APPPATH\Controllers\Products.php(27): CodeIgniter\BaseModel->findAll()
 5 SYSTEMPATH\CodeIgniter.php(942): App\Controllers\Products->index()
 6 SYSTEMPATH\CodeIgniter.php(502): CodeIgniter\CodeIgniter->runController(Object(App\Controllers\Products))
 7 SYSTEMPATH\CodeIgniter.php(361): CodeIgniter\CodeIgniter->handleRequest(null, Object(Config\Cache), false)
 8 FCPATH\index.php(79): CodeIgniter\CodeIgniter->run()
 9 SYSTEMPATH\Commands\Server\rewrite.php(47): require_once('F:\\xampp74\\htdocs\\Condeigniter_wdpf55\\codeigniter_admin_e-commerce_project\\public\\index.php')
ERROR - 2023-12-21 06:53:47 --> mysqli_sql_exception: Table 'fruitkha.category_name' doesn't exist in F:\xampp74\htdocs\Condeigniter_wdpf55\codeigniter_admin_e-commerce_project\system\Database\MySQLi\Connection.php:306
Stack trace:
#0 F:\xampp74\htdocs\Condeigniter_wdpf55\codeigniter_admin_e-commerce_project\system\Database\MySQLi\Connection.php(306): mysqli->query('SELECT *\nFROM `...', 0)
#1 F:\xampp74\htdocs\Condeigniter_wdpf55\codeigniter_admin_e-commerce_project\system\Database\BaseConnection.php(693): CodeIgniter\Database\MySQLi\Connection->execute('SELECT *\nFROM `...')
#2 F:\xampp74\htdocs\Condeigniter_wdpf55\codeigniter_admin_e-commerce_project\system\Database\BaseConnection.php(607): CodeIgniter\Database\BaseConnection->simpleQuery('SELECT *\nFROM `...')
#3 F:\xampp74\htdocs\Condeigniter_wdpf55\codeigniter_admin_e-commerce_project\system\Database\BaseBuilder.php(1615): CodeIgniter\Database\BaseConnection->query('SELECT *\nFROM `...', Array, false)
#4 F:\xampp74\htdocs\Condeigniter_wdpf55\codeigniter_admin_e-commerce_project\system\Model.php(237): CodeIgniter\Database\BaseBuilder->get()
#5 F:\xampp74\htdocs\Condeigniter_wdpf55\codeigniter_admin_e-commerce_project\system\BaseModel.php(624): CodeIgniter\Model->doFindAll(0, 0)
#6 F:\xampp74\htdocs\Condeigniter_wdpf55\codeigniter_admin_e-commerce_project\app\Controllers\Products.php(28): CodeIgniter\BaseModel->findAll()
#7 F:\xampp74\htdocs\Condeigniter_wdpf55\codeigniter_admin_e-commerce_project\system\CodeIgniter.php(942): App\Controllers\Products->index()
#8 F:\xampp74\htdocs\Condeigniter_wdpf55\codeigniter_admin_e-commerce_project\system\CodeIgniter.php(502): CodeIgniter\CodeIgniter->runController(Object(App\Controllers\Products))
#9 F:\xampp74\htdocs\Condeigniter_wdpf55\codeigniter_admin_e-commerce_project\system\CodeIgniter.php(361): CodeIgniter\CodeIgniter->handleRequest(NULL, Object(Config\Cache), false)
#10 F:\xampp74\htdocs\Condeigniter_wdpf55\codeigniter_admin_e-commerce_project\public\index.php(79): CodeIgniter\CodeIgniter->run()
#11 F:\xampp74\htdocs\Condeigniter_wdpf55\codeigniter_admin_e-commerce_project\system\Commands\Server\rewrite.php(47): require_once('F:\\xampp74\\htdo...')
#12 {main}
CRITICAL - 2023-12-21 06:53:47 --> Table 'fruitkha.category_name' doesn't exist
in SYSTEMPATH\Database\BaseConnection.php on line 647.
 1 SYSTEMPATH\Database\BaseBuilder.php(1615): CodeIgniter\Database\BaseConnection->query('SELECT *
FROM `tbl_product`
JOIN `category_name` ON `category_id` = `tbl_product`.`category_id`
JOIN `brand_name` ON `brand_id` = `tbl_product`.`brand_id`', [], false)
 2 SYSTEMPATH\Model.php(237): CodeIgniter\Database\BaseBuilder->get()
 3 SYSTEMPATH\BaseModel.php(624): CodeIgniter\Model->doFindAll(0, 0)
 4 APPPATH\Controllers\Products.php(28): CodeIgniter\BaseModel->findAll()
 5 SYSTEMPATH\CodeIgniter.php(942): App\Controllers\Products->index()
 6 SYSTEMPATH\CodeIgniter.php(502): CodeIgniter\CodeIgniter->runController(Object(App\Controllers\Products))
 7 SYSTEMPATH\CodeIgniter.php(361): CodeIgniter\CodeIgniter->handleRequest(null, Object(Config\Cache), false)
 8 FCPATH\index.php(79): CodeIgniter\CodeIgniter->run()
 9 SYSTEMPATH\Commands\Server\rewrite.php(47): require_once('F:\\xampp74\\htdocs\\Condeigniter_wdpf55\\codeigniter_admin_e-commerce_project\\public\\index.php')
CRITICAL - 2023-12-21 06:54:25 --> Undefined index: category_name
in APPPATH\Views\product\index.php on line 110.
 1 APPPATH\Views\product\index.php(110): CodeIgniter\Debug\Exceptions->errorHandler(8, 'Undefined index: category_name', 'F:\\xampp74\\htdocs\\Condeigniter_wdpf55\\codeigniter_admin_e-commerce_project\\app\\Views\\product\\index.php', 110, [...])
 2 SYSTEMPATH\View\View.php(228): include('F:\\xampp74\\htdocs\\Condeigniter_wdpf55\\codeigniter_admin_e-commerce_project\\app\\Views\\product\\index.php')
 3 SYSTEMPATH\View\View.php(231): CodeIgniter\View\View->CodeIgniter\View\{closure}()
 4 SYSTEMPATH\Common.php(1190): CodeIgniter\View\View->render('product/index', [], true)
 5 APPPATH\Controllers\Products.php(26): view('product/index', [...])
 6 SYSTEMPATH\CodeIgniter.php(942): App\Controllers\Products->index()
 7 SYSTEMPATH\CodeIgniter.php(502): CodeIgniter\CodeIgniter->runController(Object(App\Controllers\Products))
 8 SYSTEMPATH\CodeIgniter.php(361): CodeIgniter\CodeIgniter->handleRequest(null, Object(Config\Cache), false)
 9 FCPATH\index.php(79): CodeIgniter\CodeIgniter->run()
10 SYSTEMPATH\Commands\Server\rewrite.php(47): require_once('F:\\xampp74\\htdocs\\Condeigniter_wdpf55\\codeigniter_admin_e-commerce_project\\public\\index.php')
INFO - 2023-12-21 07:19:22 --> Session: Class initialized using 'CodeIgniter\Session\Handlers\FileHandler' driver.
INFO - 2023-12-21 07:19:22 --> Session: Class initialized using 'CodeIgniter\Session\Handlers\FileHandler' driver.
INFO - 2023-12-21 07:19:38 --> Session: Class initialized using 'CodeIgniter\Session\Handlers\FileHandler' driver.
CRITICAL - 2023-12-21 12:34:21 --> syntax error, unexpected '}', expecting identifier (T_STRING) or variable (T_VARIABLE) or '{' or '$'
in APPPATH\Controllers\SignupController.php on line 15.
 1 SYSTEMPATH\Autoloader\Autoloader.php(291): CodeIgniter\Autoloader\Autoloader->includeFile('F:\\xampp74\\htdocs\\Condeigniter_wdpf55\\codeigniter_admin_e-commerce_project\\app\\Controllers\\SignupController.php')
 2 SYSTEMPATH\Autoloader\Autoloader.php(269): CodeIgniter\Autoloader\Autoloader->loadInNamespace('App\\Controllers\\SignupController')
 3 [internal function]: CodeIgniter\Autoloader\Autoloader->loadClass('App\\Controllers\\SignupController')
 4 [internal function]: spl_autoload_call('App\\Controllers\\SignupController')
 5 SYSTEMPATH\CodeIgniter.php(900): class_exists('\\App\\Controllers\\SignupController', true)
 6 SYSTEMPATH\CodeIgniter.php(489): CodeIgniter\CodeIgniter->startController()
 7 SYSTEMPATH\CodeIgniter.php(361): CodeIgniter\CodeIgniter->handleRequest(null, Object(Config\Cache), false)
 8 FCPATH\index.php(79): CodeIgniter\CodeIgniter->run()
 9 SYSTEMPATH\Commands\Server\rewrite.php(47): require_once('F:\\xampp74\\htdocs\\Condeigniter_wdpf55\\codeigniter_admin_e-commerce_project\\public\\index.php')
ERROR - 2023-12-21 13:05:21 --> mysqli_sql_exception: Table 'fruitkha.users' doesn't exist in F:\xampp74\htdocs\Condeigniter_wdpf55\codeigniter_admin_e-commerce_project\system\Database\MySQLi\Connection.php:306
Stack trace:
#0 F:\xampp74\htdocs\Condeigniter_wdpf55\codeigniter_admin_e-commerce_project\system\Database\MySQLi\Connection.php(306): mysqli->query('SELECT 1\nFROM `...', 0)
#1 F:\xampp74\htdocs\Condeigniter_wdpf55\codeigniter_admin_e-commerce_project\system\Database\BaseConnection.php(693): CodeIgniter\Database\MySQLi\Connection->execute('SELECT 1\nFROM `...')
#2 F:\xampp74\htdocs\Condeigniter_wdpf55\codeigniter_admin_e-commerce_project\system\Database\BaseConnection.php(607): CodeIgniter\Database\BaseConnection->simpleQuery('SELECT 1\nFROM `...')
#3 F:\xampp74\htdocs\Condeigniter_wdpf55\codeigniter_admin_e-commerce_project\system\Database\BaseBuilder.php(1615): CodeIgniter\Database\BaseConnection->query('SELECT 1\nFROM `...', Array, false)
#4 F:\xampp74\htdocs\Condeigniter_wdpf55\codeigniter_admin_e-commerce_project\system\Validation\StrictRules\Rules.php(212): CodeIgniter\Database\BaseBuilder->get()
#5 F:\xampp74\htdocs\Condeigniter_wdpf55\codeigniter_admin_e-commerce_project\system\Validation\Validation.php(311): CodeIgniter\Validation\StrictRules\Rules->is_unique('alauddin@gmail....', 'email', Array, NULL, 'email')
#6 F:\xampp74\htdocs\Condeigniter_wdpf55\codeigniter_admin_e-commerce_project\system\Validation\Validation.php(197): CodeIgniter\Validation\Validation->processRules('email', 'email', 'alauddin@gmail....', Array, Array)
#7 F:\xampp74\htdocs\Condeigniter_wdpf55\codeigniter_admin_e-commerce_project\system\Controller.php(152): CodeIgniter\Validation\Validation->run()
#8 F:\xampp74\htdocs\Condeigniter_wdpf55\codeigniter_admin_e-commerce_project\app\Controllers\SignupController.php(26): CodeIgniter\Controller->validate(Array)
#9 F:\xampp74\htdocs\Condeigniter_wdpf55\codeigniter_admin_e-commerce_project\system\CodeIgniter.php(942): App\Controllers\SignupController->store()
#10 F:\xampp74\htdocs\Condeigniter_wdpf55\codeigniter_admin_e-commerce_project\system\CodeIgniter.php(502): CodeIgniter\CodeIgniter->runController(Object(App\Controllers\SignupController))
#11 F:\xampp74\htdocs\Condeigniter_wdpf55\codeigniter_admin_e-commerce_project\system\CodeIgniter.php(361): CodeIgniter\CodeIgniter->handleRequest(NULL, Object(Config\Cache), false)
#12 F:\xampp74\htdocs\Condeigniter_wdpf55\codeigniter_admin_e-commerce_project\public\index.php(79): CodeIgniter\CodeIgniter->run()
#13 F:\xampp74\htdocs\Condeigniter_wdpf55\codeigniter_admin_e-commerce_project\system\Commands\Server\rewrite.php(47): require_once('F:\\xampp74\\htdo...')
#14 {main}
CRITICAL - 2023-12-21 13:05:21 --> Table 'fruitkha.users' doesn't exist
in SYSTEMPATH\Database\BaseConnection.php on line 647.
 1 SYSTEMPATH\Database\BaseBuilder.php(1615): CodeIgniter\Database\BaseConnection->query('SELECT 1
FROM `users`
WHERE `email` = :email:
 LIMIT 1', [...], false)
 2 SYSTEMPATH\Validation\StrictRules\Rules.php(212): CodeIgniter\Database\BaseBuilder->get()
 3 SYSTEMPATH\Validation\Validation.php(311): CodeIgniter\Validation\StrictRules\Rules->is_unique('alauddin@gmail.com', 'email', [...], null, 'email')
 4 SYSTEMPATH\Validation\Validation.php(197): CodeIgniter\Validation\Validation->processRules('email', 'email', 'alauddin@gmail.com', [...], [...])
 5 SYSTEMPATH\Controller.php(152): CodeIgniter\Validation\Validation->run()
 6 APPPATH\Controllers\SignupController.php(26): CodeIgniter\Controller->validate([...])
 7 SYSTEMPATH\CodeIgniter.php(942): App\Controllers\SignupController->store()
 8 SYSTEMPATH\CodeIgniter.php(502): CodeIgniter\CodeIgniter->runController(Object(App\Controllers\SignupController))
 9 SYSTEMPATH\CodeIgniter.php(361): CodeIgniter\CodeIgniter->handleRequest(null, Object(Config\Cache), false)
10 FCPATH\index.php(79): CodeIgniter\CodeIgniter->run()
11 SYSTEMPATH\Commands\Server\rewrite.php(47): require_once('F:\\xampp74\\htdocs\\Condeigniter_wdpf55\\codeigniter_admin_e-commerce_project\\public\\index.php')
ERROR - 2023-12-21 13:09:19 --> mysqli_sql_exception: Table 'fruitkha.users' doesn't exist in F:\xampp74\htdocs\Condeigniter_wdpf55\codeigniter_admin_e-commerce_project\system\Database\MySQLi\Connection.php:306
Stack trace:
#0 F:\xampp74\htdocs\Condeigniter_wdpf55\codeigniter_admin_e-commerce_project\system\Database\MySQLi\Connection.php(306): mysqli->query('SELECT 1\nFROM `...', 0)
#1 F:\xampp74\htdocs\Condeigniter_wdpf55\codeigniter_admin_e-commerce_project\system\Database\BaseConnection.php(693): CodeIgniter\Database\MySQLi\Connection->execute('SELECT 1\nFROM `...')
#2 F:\xampp74\htdocs\Condeigniter_wdpf55\codeigniter_admin_e-commerce_project\system\Database\BaseConnection.php(607): CodeIgniter\Database\BaseConnection->simpleQuery('SELECT 1\nFROM `...')
#3 F:\xampp74\htdocs\Condeigniter_wdpf55\codeigniter_admin_e-commerce_project\system\Database\BaseBuilder.php(1615): CodeIgniter\Database\BaseConnection->query('SELECT 1\nFROM `...', Array, false)
#4 F:\xampp74\htdocs\Condeigniter_wdpf55\codeigniter_admin_e-commerce_project\system\Validation\StrictRules\Rules.php(212): CodeIgniter\Database\BaseBuilder->get()
#5 F:\xampp74\htdocs\Condeigniter_wdpf55\codeigniter_admin_e-commerce_project\system\Validation\Validation.php(311): CodeIgniter\Validation\StrictRules\Rules->is_unique('alauddin@gmail....', 'email', Array, NULL, 'email')
#6 F:\xampp74\htdocs\Condeigniter_wdpf55\codeigniter_admin_e-commerce_project\system\Validation\Validation.php(197): CodeIgniter\Validation\Validation->processRules('email', 'email', 'alauddin@gmail....', Array, Array)
#7 F:\xampp74\htdocs\Condeigniter_wdpf55\codeigniter_admin_e-commerce_project\system\Controller.php(152): CodeIgniter\Validation\Validation->run()
#8 F:\xampp74\htdocs\Condeigniter_wdpf55\codeigniter_admin_e-commerce_project\app\Controllers\SignupController.php(26): CodeIgniter\Controller->validate(Array)
#9 F:\xampp74\htdocs\Condeigniter_wdpf55\codeigniter_admin_e-commerce_project\system\CodeIgniter.php(942): App\Controllers\SignupController->store()
#10 F:\xampp74\htdocs\Condeigniter_wdpf55\codeigniter_admin_e-commerce_project\system\CodeIgniter.php(502): CodeIgniter\CodeIgniter->runController(Object(App\Controllers\SignupController))
#11 F:\xampp74\htdocs\Condeigniter_wdpf55\codeigniter_admin_e-commerce_project\system\CodeIgniter.php(361): CodeIgniter\CodeIgniter->handleRequest(NULL, Object(Config\Cache), false)
#12 F:\xampp74\htdocs\Condeigniter_wdpf55\codeigniter_admin_e-commerce_project\public\index.php(79): CodeIgniter\CodeIgniter->run()
#13 F:\xampp74\htdocs\Condeigniter_wdpf55\codeigniter_admin_e-commerce_project\system\Commands\Server\rewrite.php(47): require_once('F:\\xampp74\\htdo...')
#14 {main}
CRITICAL - 2023-12-21 13:09:19 --> Table 'fruitkha.users' doesn't exist
in SYSTEMPATH\Database\BaseConnection.php on line 647.
 1 SYSTEMPATH\Database\BaseBuilder.php(1615): CodeIgniter\Database\BaseConnection->query('SELECT 1
FROM `users`
WHERE `email` = :email:
 LIMIT 1', [...], false)
 2 SYSTEMPATH\Validation\StrictRules\Rules.php(212): CodeIgniter\Database\BaseBuilder->get()
 3 SYSTEMPATH\Validation\Validation.php(311): CodeIgniter\Validation\StrictRules\Rules->is_unique('alauddin@gmail.com', 'email', [...], null, 'email')
 4 SYSTEMPATH\Validation\Validation.php(197): CodeIgniter\Validation\Validation->processRules('email', 'email', 'alauddin@gmail.com', [...], [...])
 5 SYSTEMPATH\Controller.php(152): CodeIgniter\Validation\Validation->run()
 6 APPPATH\Controllers\SignupController.php(26): CodeIgniter\Controller->validate([...])
 7 SYSTEMPATH\CodeIgniter.php(942): App\Controllers\SignupController->store()
 8 SYSTEMPATH\CodeIgniter.php(502): CodeIgniter\CodeIgniter->runController(Object(App\Controllers\SignupController))
 9 SYSTEMPATH\CodeIgniter.php(361): CodeIgniter\CodeIgniter->handleRequest(null, Object(Config\Cache), false)
10 FCPATH\index.php(79): CodeIgniter\CodeIgniter->run()
11 SYSTEMPATH\Commands\Server\rewrite.php(47): require_once('F:\\xampp74\\htdocs\\Condeigniter_wdpf55\\codeigniter_admin_e-commerce_project\\public\\index.php')
ERROR - 2023-12-21 13:10:19 --> mysqli_sql_exception: Table 'fruitkha.users' doesn't exist in F:\xampp74\htdocs\Condeigniter_wdpf55\codeigniter_admin_e-commerce_project\system\Database\MySQLi\Connection.php:306
Stack trace:
#0 F:\xampp74\htdocs\Condeigniter_wdpf55\codeigniter_admin_e-commerce_project\system\Database\MySQLi\Connection.php(306): mysqli->query('SELECT 1\nFROM `...', 0)
#1 F:\xampp74\htdocs\Condeigniter_wdpf55\codeigniter_admin_e-commerce_project\system\Database\BaseConnection.php(693): CodeIgniter\Database\MySQLi\Connection->execute('SELECT 1\nFROM `...')
#2 F:\xampp74\htdocs\Condeigniter_wdpf55\codeigniter_admin_e-commerce_project\system\Database\BaseConnection.php(607): CodeIgniter\Database\BaseConnection->simpleQuery('SELECT 1\nFROM `...')
#3 F:\xampp74\htdocs\Condeigniter_wdpf55\codeigniter_admin_e-commerce_project\system\Database\BaseBuilder.php(1615): CodeIgniter\Database\BaseConnection->query('SELECT 1\nFROM `...', Array, false)
#4 F:\xampp74\htdocs\Condeigniter_wdpf55\codeigniter_admin_e-commerce_project\system\Validation\StrictRules\Rules.php(212): CodeIgniter\Database\BaseBuilder->get()
#5 F:\xampp74\htdocs\Condeigniter_wdpf55\codeigniter_admin_e-commerce_project\system\Validation\Validation.php(311): CodeIgniter\Validation\StrictRules\Rules->is_unique('alauddin@gmail....', 'email', Array, NULL, 'email')
#6 F:\xampp74\htdocs\Condeigniter_wdpf55\codeigniter_admin_e-commerce_project\system\Validation\Validation.php(197): CodeIgniter\Validation\Validation->processRules('email', 'email', 'alauddin@gmail....', Array, Array)
#7 F:\xampp74\htdocs\Condeigniter_wdpf55\codeigniter_admin_e-commerce_project\system\Controller.php(152): CodeIgniter\Validation\Validation->run()
#8 F:\xampp74\htdocs\Condeigniter_wdpf55\codeigniter_admin_e-commerce_project\app\Controllers\SignupController.php(26): CodeIgniter\Controller->validate(Array)
#9 F:\xampp74\htdocs\Condeigniter_wdpf55\codeigniter_admin_e-commerce_project\system\CodeIgniter.php(942): App\Controllers\SignupController->store()
#10 F:\xampp74\htdocs\Condeigniter_wdpf55\codeigniter_admin_e-commerce_project\system\CodeIgniter.php(502): CodeIgniter\CodeIgniter->runController(Object(App\Controllers\SignupController))
#11 F:\xampp74\htdocs\Condeigniter_wdpf55\codeigniter_admin_e-commerce_project\system\CodeIgniter.php(361): CodeIgniter\CodeIgniter->handleRequest(NULL, Object(Config\Cache), false)
#12 F:\xampp74\htdocs\Condeigniter_wdpf55\codeigniter_admin_e-commerce_project\public\index.php(79): CodeIgniter\CodeIgniter->run()
#13 F:\xampp74\htdocs\Condeigniter_wdpf55\codeigniter_admin_e-commerce_project\system\Commands\Server\rewrite.php(47): require_once('F:\\xampp74\\htdo...')
#14 {main}
CRITICAL - 2023-12-21 13:10:19 --> Table 'fruitkha.users' doesn't exist
in SYSTEMPATH\Database\BaseConnection.php on line 647.
 1 SYSTEMPATH\Database\BaseBuilder.php(1615): CodeIgniter\Database\BaseConnection->query('SELECT 1
FROM `users`
WHERE `email` = :email:
 LIMIT 1', [...], false)
 2 SYSTEMPATH\Validation\StrictRules\Rules.php(212): CodeIgniter\Database\BaseBuilder->get()
 3 SYSTEMPATH\Validation\Validation.php(311): CodeIgniter\Validation\StrictRules\Rules->is_unique('alauddin@gmail.com', 'email', [...], null, 'email')
 4 SYSTEMPATH\Validation\Validation.php(197): CodeIgniter\Validation\Validation->processRules('email', 'email', 'alauddin@gmail.com', [...], [...])
 5 SYSTEMPATH\Controller.php(152): CodeIgniter\Validation\Validation->run()
 6 APPPATH\Controllers\SignupController.php(26): CodeIgniter\Controller->validate([...])
 7 SYSTEMPATH\CodeIgniter.php(942): App\Controllers\SignupController->store()
 8 SYSTEMPATH\CodeIgniter.php(502): CodeIgniter\CodeIgniter->runController(Object(App\Controllers\SignupController))
 9 SYSTEMPATH\CodeIgniter.php(361): CodeIgniter\CodeIgniter->handleRequest(null, Object(Config\Cache), false)
10 FCPATH\index.php(79): CodeIgniter\CodeIgniter->run()
11 SYSTEMPATH\Commands\Server\rewrite.php(47): require_once('F:\\xampp74\\htdocs\\Condeigniter_wdpf55\\codeigniter_admin_e-commerce_project\\public\\index.php')
