CRITICAL - 2023-12-19 09:23:14 --> Undefined index: Customer_id
in APPPATH\Views\customer\index.php on line 166.
 1 APPPATH\Views\customer\index.php(166): CodeIgniter\Debug\Exceptions->errorHandler(8, 'Undefined index: Customer_id', 'F:\\xampp74\\htdocs\\Condeigniter_wdpf55\\codeigniter_admin_e-commerce_project\\app\\Views\\customer\\index.php', 166, [...])
 2 SYSTEMPATH\View\View.php(228): include('F:\\xampp74\\htdocs\\Condeigniter_wdpf55\\codeigniter_admin_e-commerce_project\\app\\Views\\customer\\index.php')
 3 SYSTEMPATH\View\View.php(231): CodeIgniter\View\View->CodeIgniter\View\{closure}()
 4 SYSTEMPATH\Common.php(1190): CodeIgniter\View\View->render('customer/index', [], true)
 5 APPPATH\Controllers\Customer.php(19): view('customer/index', [...])
 6 SYSTEMPATH\CodeIgniter.php(942): App\Controllers\Customer->index()
 7 SYSTEMPATH\CodeIgniter.php(502): CodeIgniter\CodeIgniter->runController(Object(App\Controllers\Customer))
 8 SYSTEMPATH\CodeIgniter.php(361): CodeIgniter\CodeIgniter->handleRequest(null, Object(Config\Cache), false)
 9 FCPATH\index.php(79): CodeIgniter\CodeIgniter->run()
10 SYSTEMPATH\Commands\Server\rewrite.php(47): require_once('F:\\xampp74\\htdocs\\Condeigniter_wdpf55\\codeigniter_admin_e-commerce_project\\public\\index.php')
CRITICAL - 2023-12-19 09:25:16 --> Undefined index: Customer_id
in APPPATH\Views\customer\index.php on line 166.
 1 APPPATH\Views\customer\index.php(166): CodeIgniter\Debug\Exceptions->errorHandler(8, 'Undefined index: Customer_id', 'F:\\xampp74\\htdocs\\Condeigniter_wdpf55\\codeigniter_admin_e-commerce_project\\app\\Views\\customer\\index.php', 166, [...])
 2 SYSTEMPATH\View\View.php(228): include('F:\\xampp74\\htdocs\\Condeigniter_wdpf55\\codeigniter_admin_e-commerce_project\\app\\Views\\customer\\index.php')
 3 SYSTEMPATH\View\View.php(231): CodeIgniter\View\View->CodeIgniter\View\{closure}()
 4 SYSTEMPATH\Common.php(1190): CodeIgniter\View\View->render('customer/index', [], true)
 5 APPPATH\Controllers\Customer.php(19): view('customer/index', [...])
 6 SYSTEMPATH\CodeIgniter.php(942): App\Controllers\Customer->index()
 7 SYSTEMPATH\CodeIgniter.php(502): CodeIgniter\CodeIgniter->runController(Object(App\Controllers\Customer))
 8 SYSTEMPATH\CodeIgniter.php(361): CodeIgniter\CodeIgniter->handleRequest(null, Object(Config\Cache), false)
 9 FCPATH\index.php(79): CodeIgniter\CodeIgniter->run()
10 SYSTEMPATH\Commands\Server\rewrite.php(47): require_once('F:\\xampp74\\htdocs\\Condeigniter_wdpf55\\codeigniter_admin_e-commerce_project\\public\\index.php')
CRITICAL - 2023-12-19 09:25:18 --> Undefined index: Customer_id
in APPPATH\Views\customer\index.php on line 166.
 1 APPPATH\Views\customer\index.php(166): CodeIgniter\Debug\Exceptions->errorHandler(8, 'Undefined index: Customer_id', 'F:\\xampp74\\htdocs\\Condeigniter_wdpf55\\codeigniter_admin_e-commerce_project\\app\\Views\\customer\\index.php', 166, [...])
 2 SYSTEMPATH\View\View.php(228): include('F:\\xampp74\\htdocs\\Condeigniter_wdpf55\\codeigniter_admin_e-commerce_project\\app\\Views\\customer\\index.php')
 3 SYSTEMPATH\View\View.php(231): CodeIgniter\View\View->CodeIgniter\View\{closure}()
 4 SYSTEMPATH\Common.php(1190): CodeIgniter\View\View->render('customer/index', [], true)
 5 APPPATH\Controllers\Customer.php(19): view('customer/index', [...])
 6 SYSTEMPATH\CodeIgniter.php(942): App\Controllers\Customer->index()
 7 SYSTEMPATH\CodeIgniter.php(502): CodeIgniter\CodeIgniter->runController(Object(App\Controllers\Customer))
 8 SYSTEMPATH\CodeIgniter.php(361): CodeIgniter\CodeIgniter->handleRequest(null, Object(Config\Cache), false)
 9 FCPATH\index.php(79): CodeIgniter\CodeIgniter->run()
10 SYSTEMPATH\Commands\Server\rewrite.php(47): require_once('F:\\xampp74\\htdocs\\Condeigniter_wdpf55\\codeigniter_admin_e-commerce_project\\public\\index.php')
ERROR - 2023-12-19 12:43:39 --> mysqli_sql_exception: Table 'fruitkha.orders' doesn't exist in F:\xampp74\htdocs\Condeigniter_wdpf55\codeigniter_admin_e-commerce_project\system\Database\MySQLi\Connection.php:306
Stack trace:
#0 F:\xampp74\htdocs\Condeigniter_wdpf55\codeigniter_admin_e-commerce_project\system\Database\MySQLi\Connection.php(306): mysqli->query('SELECT *\nFROM `...', 0)
#1 F:\xampp74\htdocs\Condeigniter_wdpf55\codeigniter_admin_e-commerce_project\system\Database\BaseConnection.php(693): CodeIgniter\Database\MySQLi\Connection->execute('SELECT *\nFROM `...')
#2 F:\xampp74\htdocs\Condeigniter_wdpf55\codeigniter_admin_e-commerce_project\system\Database\BaseConnection.php(607): CodeIgniter\Database\BaseConnection->simpleQuery('SELECT *\nFROM `...')
#3 F:\xampp74\htdocs\Condeigniter_wdpf55\codeigniter_admin_e-commerce_project\system\Database\BaseBuilder.php(1615): CodeIgniter\Database\BaseConnection->query('SELECT *\nFROM `...', Array, false)
#4 F:\xampp74\htdocs\Condeigniter_wdpf55\codeigniter_admin_e-commerce_project\system\Model.php(237): CodeIgniter\Database\BaseBuilder->get()
#5 F:\xampp74\htdocs\Condeigniter_wdpf55\codeigniter_admin_e-commerce_project\system\BaseModel.php(624): CodeIgniter\Model->doFindAll(0, 0)
#6 F:\xampp74\htdocs\Condeigniter_wdpf55\codeigniter_admin_e-commerce_project\app\Controllers\Order.php(17): CodeIgniter\BaseModel->findAll()
#7 F:\xampp74\htdocs\Condeigniter_wdpf55\codeigniter_admin_e-commerce_project\system\CodeIgniter.php(942): App\Controllers\Order->index()
#8 F:\xampp74\htdocs\Condeigniter_wdpf55\codeigniter_admin_e-commerce_project\system\CodeIgniter.php(502): CodeIgniter\CodeIgniter->runController(Object(App\Controllers\Order))
#9 F:\xampp74\htdocs\Condeigniter_wdpf55\codeigniter_admin_e-commerce_project\system\CodeIgniter.php(361): CodeIgniter\CodeIgniter->handleRequest(NULL, Object(Config\Cache), false)
#10 F:\xampp74\htdocs\Condeigniter_wdpf55\codeigniter_admin_e-commerce_project\public\index.php(79): CodeIgniter\CodeIgniter->run()
#11 F:\xampp74\htdocs\Condeigniter_wdpf55\codeigniter_admin_e-commerce_project\system\Commands\Server\rewrite.php(47): require_once('F:\\xampp74\\htdo...')
#12 {main}
CRITICAL - 2023-12-19 12:43:39 --> Table 'fruitkha.orders' doesn't exist
in SYSTEMPATH\Database\BaseConnection.php on line 647.
 1 SYSTEMPATH\Database\BaseBuilder.php(1615): CodeIgniter\Database\BaseConnection->query('SELECT *
FROM `orders`', [], false)
 2 SYSTEMPATH\Model.php(237): CodeIgniter\Database\BaseBuilder->get()
 3 SYSTEMPATH\BaseModel.php(624): CodeIgniter\Model->doFindAll(0, 0)
 4 APPPATH\Controllers\Order.php(17): CodeIgniter\BaseModel->findAll()
 5 SYSTEMPATH\CodeIgniter.php(942): App\Controllers\Order->index()
 6 SYSTEMPATH\CodeIgniter.php(502): CodeIgniter\CodeIgniter->runController(Object(App\Controllers\Order))
 7 SYSTEMPATH\CodeIgniter.php(361): CodeIgniter\CodeIgniter->handleRequest(null, Object(Config\Cache), false)
 8 FCPATH\index.php(79): CodeIgniter\CodeIgniter->run()
 9 SYSTEMPATH\Commands\Server\rewrite.php(47): require_once('F:\\xampp74\\htdocs\\Condeigniter_wdpf55\\codeigniter_admin_e-commerce_project\\public\\index.php')
