ERROR - 2023-12-23 02:56:25 --> mysqli_sql_exception: Table 'fruitkha.users' doesn't exist in F:\xampp74\htdocs\Condeigniter_wdpf55\codeigniter_admin_e-commerce_project\system\Database\MySQLi\Connection.php:306
Stack trace:
#0 F:\xampp74\htdocs\Condeigniter_wdpf55\codeigniter_admin_e-commerce_project\system\Database\MySQLi\Connection.php(306): mysqli->query('SELECT 1\nFROM `...', 0)
#1 F:\xampp74\htdocs\Condeigniter_wdpf55\codeigniter_admin_e-commerce_project\system\Database\BaseConnection.php(693): CodeIgniter\Database\MySQLi\Connection->execute('SELECT 1\nFROM `...')
#2 F:\xampp74\htdocs\Condeigniter_wdpf55\codeigniter_admin_e-commerce_project\system\Database\BaseConnection.php(607): CodeIgniter\Database\BaseConnection->simpleQuery('SELECT 1\nFROM `...')
#3 F:\xampp74\htdocs\Condeigniter_wdpf55\codeigniter_admin_e-commerce_project\system\Database\BaseBuilder.php(1615): CodeIgniter\Database\BaseConnection->query('SELECT 1\nFROM `...', Array, false)
#4 F:\xampp74\htdocs\Condeigniter_wdpf55\codeigniter_admin_e-commerce_project\system\Validation\StrictRules\Rules.php(212): CodeIgniter\Database\BaseBuilder->get()
#5 F:\xampp74\htdocs\Condeigniter_wdpf55\codeigniter_admin_e-commerce_project\system\Validation\Validation.php(311): CodeIgniter\Validation\StrictRules\Rules->is_unique('alauddin@gmail....', 'email', Array, NULL, 'email')
#6 F:\xampp74\htdocs\Condeigniter_wdpf55\codeigniter_admin_e-commerce_project\system\Validation\Validation.php(197): CodeIgniter\Validation\Validation->processRules('email', 'email', 'alauddin@gmail....', Array, Array)
#7 F:\xampp74\htdocs\Condeigniter_wdpf55\codeigniter_admin_e-commerce_project\system\Controller.php(152): CodeIgniter\Validation\Validation->run()
#8 F:\xampp74\htdocs\Condeigniter_wdpf55\codeigniter_admin_e-commerce_project\app\Controllers\SignupController.php(26): CodeIgniter\Controller->validate(Array)
#9 F:\xampp74\htdocs\Condeigniter_wdpf55\codeigniter_admin_e-commerce_project\system\CodeIgniter.php(942): App\Controllers\SignupController->store()
#10 F:\xampp74\htdocs\Condeigniter_wdpf55\codeigniter_admin_e-commerce_project\system\CodeIgniter.php(502): CodeIgniter\CodeIgniter->runController(Object(App\Controllers\SignupController))
#11 F:\xampp74\htdocs\Condeigniter_wdpf55\codeigniter_admin_e-commerce_project\system\CodeIgniter.php(361): CodeIgniter\CodeIgniter->handleRequest(NULL, Object(Config\Cache), false)
#12 F:\xampp74\htdocs\Condeigniter_wdpf55\codeigniter_admin_e-commerce_project\public\index.php(79): CodeIgniter\CodeIgniter->run()
#13 F:\xampp74\htdocs\Condeigniter_wdpf55\codeigniter_admin_e-commerce_project\system\Commands\Server\rewrite.php(47): require_once('F:\\xampp74\\htdo...')
#14 {main}
CRITICAL - 2023-12-23 02:56:25 --> Table 'fruitkha.users' doesn't exist
in SYSTEMPATH\Database\BaseConnection.php on line 647.
 1 SYSTEMPATH\Database\BaseBuilder.php(1615): CodeIgniter\Database\BaseConnection->query('SELECT 1
FROM `users`
WHERE `email` = :email:
 LIMIT 1', [...], false)
 2 SYSTEMPATH\Validation\StrictRules\Rules.php(212): CodeIgniter\Database\BaseBuilder->get()
 3 SYSTEMPATH\Validation\Validation.php(311): CodeIgniter\Validation\StrictRules\Rules->is_unique('alauddin@gmail.com', 'email', [...], null, 'email')
 4 SYSTEMPATH\Validation\Validation.php(197): CodeIgniter\Validation\Validation->processRules('email', 'email', 'alauddin@gmail.com', [...], [...])
 5 SYSTEMPATH\Controller.php(152): CodeIgniter\Validation\Validation->run()
 6 APPPATH\Controllers\SignupController.php(26): CodeIgniter\Controller->validate([...])
 7 SYSTEMPATH\CodeIgniter.php(942): App\Controllers\SignupController->store()
 8 SYSTEMPATH\CodeIgniter.php(502): CodeIgniter\CodeIgniter->runController(Object(App\Controllers\SignupController))
 9 SYSTEMPATH\CodeIgniter.php(361): CodeIgniter\CodeIgniter->handleRequest(null, Object(Config\Cache), false)
10 FCPATH\index.php(79): CodeIgniter\CodeIgniter->run()
11 SYSTEMPATH\Commands\Server\rewrite.php(47): require_once('F:\\xampp74\\htdocs\\Condeigniter_wdpf55\\codeigniter_admin_e-commerce_project\\public\\index.php')
ERROR - 2023-12-23 03:01:43 --> mysqli_sql_exception: Table 'fruitkha.users' doesn't exist in F:\xampp74\htdocs\Condeigniter_wdpf55\codeigniter_admin_e-commerce_project\system\Database\MySQLi\Connection.php:306
Stack trace:
#0 F:\xampp74\htdocs\Condeigniter_wdpf55\codeigniter_admin_e-commerce_project\system\Database\MySQLi\Connection.php(306): mysqli->query('SELECT 1\nFROM `...', 0)
#1 F:\xampp74\htdocs\Condeigniter_wdpf55\codeigniter_admin_e-commerce_project\system\Database\BaseConnection.php(693): CodeIgniter\Database\MySQLi\Connection->execute('SELECT 1\nFROM `...')
#2 F:\xampp74\htdocs\Condeigniter_wdpf55\codeigniter_admin_e-commerce_project\system\Database\BaseConnection.php(607): CodeIgniter\Database\BaseConnection->simpleQuery('SELECT 1\nFROM `...')
#3 F:\xampp74\htdocs\Condeigniter_wdpf55\codeigniter_admin_e-commerce_project\system\Database\BaseBuilder.php(1615): CodeIgniter\Database\BaseConnection->query('SELECT 1\nFROM `...', Array, false)
#4 F:\xampp74\htdocs\Condeigniter_wdpf55\codeigniter_admin_e-commerce_project\system\Validation\StrictRules\Rules.php(212): CodeIgniter\Database\BaseBuilder->get()
#5 F:\xampp74\htdocs\Condeigniter_wdpf55\codeigniter_admin_e-commerce_project\system\Validation\Validation.php(311): CodeIgniter\Validation\StrictRules\Rules->is_unique('alauddin@gmail....', 'email', Array, NULL, 'email')
#6 F:\xampp74\htdocs\Condeigniter_wdpf55\codeigniter_admin_e-commerce_project\system\Validation\Validation.php(197): CodeIgniter\Validation\Validation->processRules('email', 'email', 'alauddin@gmail....', Array, Array)
#7 F:\xampp74\htdocs\Condeigniter_wdpf55\codeigniter_admin_e-commerce_project\system\Controller.php(152): CodeIgniter\Validation\Validation->run()
#8 F:\xampp74\htdocs\Condeigniter_wdpf55\codeigniter_admin_e-commerce_project\app\Controllers\SignupController.php(26): CodeIgniter\Controller->validate(Array)
#9 F:\xampp74\htdocs\Condeigniter_wdpf55\codeigniter_admin_e-commerce_project\system\CodeIgniter.php(942): App\Controllers\SignupController->store()
#10 F:\xampp74\htdocs\Condeigniter_wdpf55\codeigniter_admin_e-commerce_project\system\CodeIgniter.php(502): CodeIgniter\CodeIgniter->runController(Object(App\Controllers\SignupController))
#11 F:\xampp74\htdocs\Condeigniter_wdpf55\codeigniter_admin_e-commerce_project\system\CodeIgniter.php(361): CodeIgniter\CodeIgniter->handleRequest(NULL, Object(Config\Cache), false)
#12 F:\xampp74\htdocs\Condeigniter_wdpf55\codeigniter_admin_e-commerce_project\public\index.php(79): CodeIgniter\CodeIgniter->run()
#13 F:\xampp74\htdocs\Condeigniter_wdpf55\codeigniter_admin_e-commerce_project\system\Commands\Server\rewrite.php(47): require_once('F:\\xampp74\\htdo...')
#14 {main}
CRITICAL - 2023-12-23 03:01:43 --> Table 'fruitkha.users' doesn't exist
in SYSTEMPATH\Database\BaseConnection.php on line 647.
 1 SYSTEMPATH\Database\BaseBuilder.php(1615): CodeIgniter\Database\BaseConnection->query('SELECT 1
FROM `users`
WHERE `email` = :email:
 LIMIT 1', [...], false)
 2 SYSTEMPATH\Validation\StrictRules\Rules.php(212): CodeIgniter\Database\BaseBuilder->get()
 3 SYSTEMPATH\Validation\Validation.php(311): CodeIgniter\Validation\StrictRules\Rules->is_unique('alauddin@gmail.com', 'email', [...], null, 'email')
 4 SYSTEMPATH\Validation\Validation.php(197): CodeIgniter\Validation\Validation->processRules('email', 'email', 'alauddin@gmail.com', [...], [...])
 5 SYSTEMPATH\Controller.php(152): CodeIgniter\Validation\Validation->run()
 6 APPPATH\Controllers\SignupController.php(26): CodeIgniter\Controller->validate([...])
 7 SYSTEMPATH\CodeIgniter.php(942): App\Controllers\SignupController->store()
 8 SYSTEMPATH\CodeIgniter.php(502): CodeIgniter\CodeIgniter->runController(Object(App\Controllers\SignupController))
 9 SYSTEMPATH\CodeIgniter.php(361): CodeIgniter\CodeIgniter->handleRequest(null, Object(Config\Cache), false)
10 FCPATH\index.php(79): CodeIgniter\CodeIgniter->run()
11 SYSTEMPATH\Commands\Server\rewrite.php(47): require_once('F:\\xampp74\\htdocs\\Condeigniter_wdpf55\\codeigniter_admin_e-commerce_project\\public\\index.php')
ERROR - 2023-12-23 03:02:15 --> mysqli_sql_exception: Table 'fruitkha.users' doesn't exist in F:\xampp74\htdocs\Condeigniter_wdpf55\codeigniter_admin_e-commerce_project\system\Database\MySQLi\Connection.php:306
Stack trace:
#0 F:\xampp74\htdocs\Condeigniter_wdpf55\codeigniter_admin_e-commerce_project\system\Database\MySQLi\Connection.php(306): mysqli->query('SELECT 1\nFROM `...', 0)
#1 F:\xampp74\htdocs\Condeigniter_wdpf55\codeigniter_admin_e-commerce_project\system\Database\BaseConnection.php(693): CodeIgniter\Database\MySQLi\Connection->execute('SELECT 1\nFROM `...')
#2 F:\xampp74\htdocs\Condeigniter_wdpf55\codeigniter_admin_e-commerce_project\system\Database\BaseConnection.php(607): CodeIgniter\Database\BaseConnection->simpleQuery('SELECT 1\nFROM `...')
#3 F:\xampp74\htdocs\Condeigniter_wdpf55\codeigniter_admin_e-commerce_project\system\Database\BaseBuilder.php(1615): CodeIgniter\Database\BaseConnection->query('SELECT 1\nFROM `...', Array, false)
#4 F:\xampp74\htdocs\Condeigniter_wdpf55\codeigniter_admin_e-commerce_project\system\Validation\StrictRules\Rules.php(212): CodeIgniter\Database\BaseBuilder->get()
#5 F:\xampp74\htdocs\Condeigniter_wdpf55\codeigniter_admin_e-commerce_project\system\Validation\Validation.php(311): CodeIgniter\Validation\StrictRules\Rules->is_unique('alauddin@gmail....', 'email', Array, NULL, 'email')
#6 F:\xampp74\htdocs\Condeigniter_wdpf55\codeigniter_admin_e-commerce_project\system\Validation\Validation.php(197): CodeIgniter\Validation\Validation->processRules('email', 'email', 'alauddin@gmail....', Array, Array)
#7 F:\xampp74\htdocs\Condeigniter_wdpf55\codeigniter_admin_e-commerce_project\system\Controller.php(152): CodeIgniter\Validation\Validation->run()
#8 F:\xampp74\htdocs\Condeigniter_wdpf55\codeigniter_admin_e-commerce_project\app\Controllers\SignupController.php(26): CodeIgniter\Controller->validate(Array)
#9 F:\xampp74\htdocs\Condeigniter_wdpf55\codeigniter_admin_e-commerce_project\system\CodeIgniter.php(942): App\Controllers\SignupController->store()
#10 F:\xampp74\htdocs\Condeigniter_wdpf55\codeigniter_admin_e-commerce_project\system\CodeIgniter.php(502): CodeIgniter\CodeIgniter->runController(Object(App\Controllers\SignupController))
#11 F:\xampp74\htdocs\Condeigniter_wdpf55\codeigniter_admin_e-commerce_project\system\CodeIgniter.php(361): CodeIgniter\CodeIgniter->handleRequest(NULL, Object(Config\Cache), false)
#12 F:\xampp74\htdocs\Condeigniter_wdpf55\codeigniter_admin_e-commerce_project\public\index.php(79): CodeIgniter\CodeIgniter->run()
#13 F:\xampp74\htdocs\Condeigniter_wdpf55\codeigniter_admin_e-commerce_project\system\Commands\Server\rewrite.php(47): require_once('F:\\xampp74\\htdo...')
#14 {main}
CRITICAL - 2023-12-23 03:02:15 --> Table 'fruitkha.users' doesn't exist
in SYSTEMPATH\Database\BaseConnection.php on line 647.
 1 SYSTEMPATH\Database\BaseBuilder.php(1615): CodeIgniter\Database\BaseConnection->query('SELECT 1
FROM `users`
WHERE `email` = :email:
 LIMIT 1', [...], false)
 2 SYSTEMPATH\Validation\StrictRules\Rules.php(212): CodeIgniter\Database\BaseBuilder->get()
 3 SYSTEMPATH\Validation\Validation.php(311): CodeIgniter\Validation\StrictRules\Rules->is_unique('alauddin@gmail.com', 'email', [...], null, 'email')
 4 SYSTEMPATH\Validation\Validation.php(197): CodeIgniter\Validation\Validation->processRules('email', 'email', 'alauddin@gmail.com', [...], [...])
 5 SYSTEMPATH\Controller.php(152): CodeIgniter\Validation\Validation->run()
 6 APPPATH\Controllers\SignupController.php(26): CodeIgniter\Controller->validate([...])
 7 SYSTEMPATH\CodeIgniter.php(942): App\Controllers\SignupController->store()
 8 SYSTEMPATH\CodeIgniter.php(502): CodeIgniter\CodeIgniter->runController(Object(App\Controllers\SignupController))
 9 SYSTEMPATH\CodeIgniter.php(361): CodeIgniter\CodeIgniter->handleRequest(null, Object(Config\Cache), false)
10 FCPATH\index.php(79): CodeIgniter\CodeIgniter->run()
11 SYSTEMPATH\Commands\Server\rewrite.php(47): require_once('F:\\xampp74\\htdocs\\Condeigniter_wdpf55\\codeigniter_admin_e-commerce_project\\public\\index.php')
CRITICAL - 2023-12-23 03:03:31 --> syntax error, unexpected end of file, expecting function (T_FUNCTION) or const (T_CONST)
in APPPATH\Controllers\SignupController.php on line 48.
 1 SYSTEMPATH\Autoloader\Autoloader.php(291): CodeIgniter\Autoloader\Autoloader->includeFile('F:\\xampp74\\htdocs\\Condeigniter_wdpf55\\codeigniter_admin_e-commerce_project\\app\\Controllers\\SignupController.php')
 2 SYSTEMPATH\Autoloader\Autoloader.php(269): CodeIgniter\Autoloader\Autoloader->loadInNamespace('App\\Controllers\\SignupController')
 3 [internal function]: CodeIgniter\Autoloader\Autoloader->loadClass('App\\Controllers\\SignupController')
 4 [internal function]: spl_autoload_call('App\\Controllers\\SignupController')
 5 SYSTEMPATH\CodeIgniter.php(900): class_exists('\\App\\Controllers\\SignupController', true)
 6 SYSTEMPATH\CodeIgniter.php(489): CodeIgniter\CodeIgniter->startController()
 7 SYSTEMPATH\CodeIgniter.php(361): CodeIgniter\CodeIgniter->handleRequest(null, Object(Config\Cache), false)
 8 FCPATH\index.php(79): CodeIgniter\CodeIgniter->run()
 9 SYSTEMPATH\Commands\Server\rewrite.php(47): require_once('F:\\xampp74\\htdocs\\Condeigniter_wdpf55\\codeigniter_admin_e-commerce_project\\public\\index.php')
ERROR - 2023-12-23 03:04:01 --> mysqli_sql_exception: Table 'fruitkha.users' doesn't exist in F:\xampp74\htdocs\Condeigniter_wdpf55\codeigniter_admin_e-commerce_project\system\Database\MySQLi\Connection.php:306
Stack trace:
#0 F:\xampp74\htdocs\Condeigniter_wdpf55\codeigniter_admin_e-commerce_project\system\Database\MySQLi\Connection.php(306): mysqli->query('SELECT 1\nFROM `...', 0)
#1 F:\xampp74\htdocs\Condeigniter_wdpf55\codeigniter_admin_e-commerce_project\system\Database\BaseConnection.php(693): CodeIgniter\Database\MySQLi\Connection->execute('SELECT 1\nFROM `...')
#2 F:\xampp74\htdocs\Condeigniter_wdpf55\codeigniter_admin_e-commerce_project\system\Database\BaseConnection.php(607): CodeIgniter\Database\BaseConnection->simpleQuery('SELECT 1\nFROM `...')
#3 F:\xampp74\htdocs\Condeigniter_wdpf55\codeigniter_admin_e-commerce_project\system\Database\BaseBuilder.php(1615): CodeIgniter\Database\BaseConnection->query('SELECT 1\nFROM `...', Array, false)
#4 F:\xampp74\htdocs\Condeigniter_wdpf55\codeigniter_admin_e-commerce_project\system\Validation\StrictRules\Rules.php(212): CodeIgniter\Database\BaseBuilder->get()
#5 F:\xampp74\htdocs\Condeigniter_wdpf55\codeigniter_admin_e-commerce_project\system\Validation\Validation.php(311): CodeIgniter\Validation\StrictRules\Rules->is_unique('alauddin@gmail....', 'email', Array, NULL, 'email')
#6 F:\xampp74\htdocs\Condeigniter_wdpf55\codeigniter_admin_e-commerce_project\system\Validation\Validation.php(197): CodeIgniter\Validation\Validation->processRules('email', 'email', 'alauddin@gmail....', Array, Array)
#7 F:\xampp74\htdocs\Condeigniter_wdpf55\codeigniter_admin_e-commerce_project\system\Controller.php(152): CodeIgniter\Validation\Validation->run()
#8 F:\xampp74\htdocs\Condeigniter_wdpf55\codeigniter_admin_e-commerce_project\app\Controllers\SignupController.php(26): CodeIgniter\Controller->validate(Array)
#9 F:\xampp74\htdocs\Condeigniter_wdpf55\codeigniter_admin_e-commerce_project\system\CodeIgniter.php(942): App\Controllers\SignupController->store()
#10 F:\xampp74\htdocs\Condeigniter_wdpf55\codeigniter_admin_e-commerce_project\system\CodeIgniter.php(502): CodeIgniter\CodeIgniter->runController(Object(App\Controllers\SignupController))
#11 F:\xampp74\htdocs\Condeigniter_wdpf55\codeigniter_admin_e-commerce_project\system\CodeIgniter.php(361): CodeIgniter\CodeIgniter->handleRequest(NULL, Object(Config\Cache), false)
#12 F:\xampp74\htdocs\Condeigniter_wdpf55\codeigniter_admin_e-commerce_project\public\index.php(79): CodeIgniter\CodeIgniter->run()
#13 F:\xampp74\htdocs\Condeigniter_wdpf55\codeigniter_admin_e-commerce_project\system\Commands\Server\rewrite.php(47): require_once('F:\\xampp74\\htdo...')
#14 {main}
CRITICAL - 2023-12-23 03:04:01 --> Table 'fruitkha.users' doesn't exist
in SYSTEMPATH\Database\BaseConnection.php on line 647.
 1 SYSTEMPATH\Database\BaseBuilder.php(1615): CodeIgniter\Database\BaseConnection->query('SELECT 1
FROM `users`
WHERE `email` = :email:
 LIMIT 1', [...], false)
 2 SYSTEMPATH\Validation\StrictRules\Rules.php(212): CodeIgniter\Database\BaseBuilder->get()
 3 SYSTEMPATH\Validation\Validation.php(311): CodeIgniter\Validation\StrictRules\Rules->is_unique('alauddin@gmail.com', 'email', [...], null, 'email')
 4 SYSTEMPATH\Validation\Validation.php(197): CodeIgniter\Validation\Validation->processRules('email', 'email', 'alauddin@gmail.com', [...], [...])
 5 SYSTEMPATH\Controller.php(152): CodeIgniter\Validation\Validation->run()
 6 APPPATH\Controllers\SignupController.php(26): CodeIgniter\Controller->validate([...])
 7 SYSTEMPATH\CodeIgniter.php(942): App\Controllers\SignupController->store()
 8 SYSTEMPATH\CodeIgniter.php(502): CodeIgniter\CodeIgniter->runController(Object(App\Controllers\SignupController))
 9 SYSTEMPATH\CodeIgniter.php(361): CodeIgniter\CodeIgniter->handleRequest(null, Object(Config\Cache), false)
10 FCPATH\index.php(79): CodeIgniter\CodeIgniter->run()
11 SYSTEMPATH\Commands\Server\rewrite.php(47): require_once('F:\\xampp74\\htdocs\\Condeigniter_wdpf55\\codeigniter_admin_e-commerce_project\\public\\index.php')
ERROR - 2023-12-23 03:04:30 --> mysqli_sql_exception: Table 'fruitkha.users' doesn't exist in F:\xampp74\htdocs\Condeigniter_wdpf55\codeigniter_admin_e-commerce_project\system\Database\MySQLi\Connection.php:306
Stack trace:
#0 F:\xampp74\htdocs\Condeigniter_wdpf55\codeigniter_admin_e-commerce_project\system\Database\MySQLi\Connection.php(306): mysqli->query('SELECT 1\nFROM `...', 0)
#1 F:\xampp74\htdocs\Condeigniter_wdpf55\codeigniter_admin_e-commerce_project\system\Database\BaseConnection.php(693): CodeIgniter\Database\MySQLi\Connection->execute('SELECT 1\nFROM `...')
#2 F:\xampp74\htdocs\Condeigniter_wdpf55\codeigniter_admin_e-commerce_project\system\Database\BaseConnection.php(607): CodeIgniter\Database\BaseConnection->simpleQuery('SELECT 1\nFROM `...')
#3 F:\xampp74\htdocs\Condeigniter_wdpf55\codeigniter_admin_e-commerce_project\system\Database\BaseBuilder.php(1615): CodeIgniter\Database\BaseConnection->query('SELECT 1\nFROM `...', Array, false)
#4 F:\xampp74\htdocs\Condeigniter_wdpf55\codeigniter_admin_e-commerce_project\system\Validation\StrictRules\Rules.php(212): CodeIgniter\Database\BaseBuilder->get()
#5 F:\xampp74\htdocs\Condeigniter_wdpf55\codeigniter_admin_e-commerce_project\system\Validation\Validation.php(311): CodeIgniter\Validation\StrictRules\Rules->is_unique('alauddin@gmail....', 'email', Array, NULL, 'email')
#6 F:\xampp74\htdocs\Condeigniter_wdpf55\codeigniter_admin_e-commerce_project\system\Validation\Validation.php(197): CodeIgniter\Validation\Validation->processRules('email', 'email', 'alauddin@gmail....', Array, Array)
#7 F:\xampp74\htdocs\Condeigniter_wdpf55\codeigniter_admin_e-commerce_project\system\Controller.php(152): CodeIgniter\Validation\Validation->run()
#8 F:\xampp74\htdocs\Condeigniter_wdpf55\codeigniter_admin_e-commerce_project\app\Controllers\SignupController.php(26): CodeIgniter\Controller->validate(Array)
#9 F:\xampp74\htdocs\Condeigniter_wdpf55\codeigniter_admin_e-commerce_project\system\CodeIgniter.php(942): App\Controllers\SignupController->store()
#10 F:\xampp74\htdocs\Condeigniter_wdpf55\codeigniter_admin_e-commerce_project\system\CodeIgniter.php(502): CodeIgniter\CodeIgniter->runController(Object(App\Controllers\SignupController))
#11 F:\xampp74\htdocs\Condeigniter_wdpf55\codeigniter_admin_e-commerce_project\system\CodeIgniter.php(361): CodeIgniter\CodeIgniter->handleRequest(NULL, Object(Config\Cache), false)
#12 F:\xampp74\htdocs\Condeigniter_wdpf55\codeigniter_admin_e-commerce_project\public\index.php(79): CodeIgniter\CodeIgniter->run()
#13 F:\xampp74\htdocs\Condeigniter_wdpf55\codeigniter_admin_e-commerce_project\system\Commands\Server\rewrite.php(47): require_once('F:\\xampp74\\htdo...')
#14 {main}
CRITICAL - 2023-12-23 03:04:30 --> Table 'fruitkha.users' doesn't exist
in SYSTEMPATH\Database\BaseConnection.php on line 647.
 1 SYSTEMPATH\Database\BaseBuilder.php(1615): CodeIgniter\Database\BaseConnection->query('SELECT 1
FROM `users`
WHERE `email` = :email:
 LIMIT 1', [...], false)
 2 SYSTEMPATH\Validation\StrictRules\Rules.php(212): CodeIgniter\Database\BaseBuilder->get()
 3 SYSTEMPATH\Validation\Validation.php(311): CodeIgniter\Validation\StrictRules\Rules->is_unique('alauddin@gmail.com', 'email', [...], null, 'email')
 4 SYSTEMPATH\Validation\Validation.php(197): CodeIgniter\Validation\Validation->processRules('email', 'email', 'alauddin@gmail.com', [...], [...])
 5 SYSTEMPATH\Controller.php(152): CodeIgniter\Validation\Validation->run()
 6 APPPATH\Controllers\SignupController.php(26): CodeIgniter\Controller->validate([...])
 7 SYSTEMPATH\CodeIgniter.php(942): App\Controllers\SignupController->store()
 8 SYSTEMPATH\CodeIgniter.php(502): CodeIgniter\CodeIgniter->runController(Object(App\Controllers\SignupController))
 9 SYSTEMPATH\CodeIgniter.php(361): CodeIgniter\CodeIgniter->handleRequest(null, Object(Config\Cache), false)
10 FCPATH\index.php(79): CodeIgniter\CodeIgniter->run()
11 SYSTEMPATH\Commands\Server\rewrite.php(47): require_once('F:\\xampp74\\htdocs\\Condeigniter_wdpf55\\codeigniter_admin_e-commerce_project\\public\\index.php')
ERROR - 2023-12-23 03:14:11 --> mysqli_sql_exception: Table 'fruitkha.users' doesn't exist in F:\xampp74\htdocs\Condeigniter_wdpf55\codeigniter_admin_e-commerce_project\system\Database\MySQLi\Connection.php:306
Stack trace:
#0 F:\xampp74\htdocs\Condeigniter_wdpf55\codeigniter_admin_e-commerce_project\system\Database\MySQLi\Connection.php(306): mysqli->query('SELECT 1\nFROM `...', 0)
#1 F:\xampp74\htdocs\Condeigniter_wdpf55\codeigniter_admin_e-commerce_project\system\Database\BaseConnection.php(693): CodeIgniter\Database\MySQLi\Connection->execute('SELECT 1\nFROM `...')
#2 F:\xampp74\htdocs\Condeigniter_wdpf55\codeigniter_admin_e-commerce_project\system\Database\BaseConnection.php(607): CodeIgniter\Database\BaseConnection->simpleQuery('SELECT 1\nFROM `...')
#3 F:\xampp74\htdocs\Condeigniter_wdpf55\codeigniter_admin_e-commerce_project\system\Database\BaseBuilder.php(1615): CodeIgniter\Database\BaseConnection->query('SELECT 1\nFROM `...', Array, false)
#4 F:\xampp74\htdocs\Condeigniter_wdpf55\codeigniter_admin_e-commerce_project\system\Validation\StrictRules\Rules.php(212): CodeIgniter\Database\BaseBuilder->get()
#5 F:\xampp74\htdocs\Condeigniter_wdpf55\codeigniter_admin_e-commerce_project\system\Validation\Validation.php(311): CodeIgniter\Validation\StrictRules\Rules->is_unique('alauddin@gmail....', 'email', Array, NULL, 'email')
#6 F:\xampp74\htdocs\Condeigniter_wdpf55\codeigniter_admin_e-commerce_project\system\Validation\Validation.php(197): CodeIgniter\Validation\Validation->processRules('email', 'email', 'alauddin@gmail....', Array, Array)
#7 F:\xampp74\htdocs\Condeigniter_wdpf55\codeigniter_admin_e-commerce_project\system\Controller.php(152): CodeIgniter\Validation\Validation->run()
#8 F:\xampp74\htdocs\Condeigniter_wdpf55\codeigniter_admin_e-commerce_project\app\Controllers\SignupController.php(26): CodeIgniter\Controller->validate(Array)
#9 F:\xampp74\htdocs\Condeigniter_wdpf55\codeigniter_admin_e-commerce_project\system\CodeIgniter.php(942): App\Controllers\SignupController->store()
#10 F:\xampp74\htdocs\Condeigniter_wdpf55\codeigniter_admin_e-commerce_project\system\CodeIgniter.php(502): CodeIgniter\CodeIgniter->runController(Object(App\Controllers\SignupController))
#11 F:\xampp74\htdocs\Condeigniter_wdpf55\codeigniter_admin_e-commerce_project\system\CodeIgniter.php(361): CodeIgniter\CodeIgniter->handleRequest(NULL, Object(Config\Cache), false)
#12 F:\xampp74\htdocs\Condeigniter_wdpf55\codeigniter_admin_e-commerce_project\public\index.php(79): CodeIgniter\CodeIgniter->run()
#13 F:\xampp74\htdocs\Condeigniter_wdpf55\codeigniter_admin_e-commerce_project\system\Commands\Server\rewrite.php(47): require_once('F:\\xampp74\\htdo...')
#14 {main}
CRITICAL - 2023-12-23 03:14:11 --> Table 'fruitkha.users' doesn't exist
in SYSTEMPATH\Database\BaseConnection.php on line 647.
 1 SYSTEMPATH\Database\BaseBuilder.php(1615): CodeIgniter\Database\BaseConnection->query('SELECT 1
FROM `users`
WHERE `email` = :email:
 LIMIT 1', [...], false)
 2 SYSTEMPATH\Validation\StrictRules\Rules.php(212): CodeIgniter\Database\BaseBuilder->get()
 3 SYSTEMPATH\Validation\Validation.php(311): CodeIgniter\Validation\StrictRules\Rules->is_unique('alauddin@gmail.com', 'email', [...], null, 'email')
 4 SYSTEMPATH\Validation\Validation.php(197): CodeIgniter\Validation\Validation->processRules('email', 'email', 'alauddin@gmail.com', [...], [...])
 5 SYSTEMPATH\Controller.php(152): CodeIgniter\Validation\Validation->run()
 6 APPPATH\Controllers\SignupController.php(26): CodeIgniter\Controller->validate([...])
 7 SYSTEMPATH\CodeIgniter.php(942): App\Controllers\SignupController->store()
 8 SYSTEMPATH\CodeIgniter.php(502): CodeIgniter\CodeIgniter->runController(Object(App\Controllers\SignupController))
 9 SYSTEMPATH\CodeIgniter.php(361): CodeIgniter\CodeIgniter->handleRequest(null, Object(Config\Cache), false)
10 FCPATH\index.php(79): CodeIgniter\CodeIgniter->run()
11 SYSTEMPATH\Commands\Server\rewrite.php(47): require_once('F:\\xampp74\\htdocs\\Condeigniter_wdpf55\\codeigniter_admin_e-commerce_project\\public\\index.php')
ERROR - 2023-12-23 03:14:51 --> mysqli_sql_exception: Table 'fruitkha.users' doesn't exist in F:\xampp74\htdocs\Condeigniter_wdpf55\codeigniter_admin_e-commerce_project\system\Database\MySQLi\Connection.php:306
Stack trace:
#0 F:\xampp74\htdocs\Condeigniter_wdpf55\codeigniter_admin_e-commerce_project\system\Database\MySQLi\Connection.php(306): mysqli->query('SELECT 1\nFROM `...', 0)
#1 F:\xampp74\htdocs\Condeigniter_wdpf55\codeigniter_admin_e-commerce_project\system\Database\BaseConnection.php(693): CodeIgniter\Database\MySQLi\Connection->execute('SELECT 1\nFROM `...')
#2 F:\xampp74\htdocs\Condeigniter_wdpf55\codeigniter_admin_e-commerce_project\system\Database\BaseConnection.php(607): CodeIgniter\Database\BaseConnection->simpleQuery('SELECT 1\nFROM `...')
#3 F:\xampp74\htdocs\Condeigniter_wdpf55\codeigniter_admin_e-commerce_project\system\Database\BaseBuilder.php(1615): CodeIgniter\Database\BaseConnection->query('SELECT 1\nFROM `...', Array, false)
#4 F:\xampp74\htdocs\Condeigniter_wdpf55\codeigniter_admin_e-commerce_project\system\Validation\StrictRules\Rules.php(212): CodeIgniter\Database\BaseBuilder->get()
#5 F:\xampp74\htdocs\Condeigniter_wdpf55\codeigniter_admin_e-commerce_project\system\Validation\Validation.php(311): CodeIgniter\Validation\StrictRules\Rules->is_unique('alauddin@gmail....', 'email', Array, NULL, 'email')
#6 F:\xampp74\htdocs\Condeigniter_wdpf55\codeigniter_admin_e-commerce_project\system\Validation\Validation.php(197): CodeIgniter\Validation\Validation->processRules('email', 'email', 'alauddin@gmail....', Array, Array)
#7 F:\xampp74\htdocs\Condeigniter_wdpf55\codeigniter_admin_e-commerce_project\system\Controller.php(152): CodeIgniter\Validation\Validation->run()
#8 F:\xampp74\htdocs\Condeigniter_wdpf55\codeigniter_admin_e-commerce_project\app\Controllers\SignupController.php(26): CodeIgniter\Controller->validate(Array)
#9 F:\xampp74\htdocs\Condeigniter_wdpf55\codeigniter_admin_e-commerce_project\system\CodeIgniter.php(942): App\Controllers\SignupController->store()
#10 F:\xampp74\htdocs\Condeigniter_wdpf55\codeigniter_admin_e-commerce_project\system\CodeIgniter.php(502): CodeIgniter\CodeIgniter->runController(Object(App\Controllers\SignupController))
#11 F:\xampp74\htdocs\Condeigniter_wdpf55\codeigniter_admin_e-commerce_project\system\CodeIgniter.php(361): CodeIgniter\CodeIgniter->handleRequest(NULL, Object(Config\Cache), false)
#12 F:\xampp74\htdocs\Condeigniter_wdpf55\codeigniter_admin_e-commerce_project\public\index.php(79): CodeIgniter\CodeIgniter->run()
#13 F:\xampp74\htdocs\Condeigniter_wdpf55\codeigniter_admin_e-commerce_project\system\Commands\Server\rewrite.php(47): require_once('F:\\xampp74\\htdo...')
#14 {main}
CRITICAL - 2023-12-23 03:14:51 --> Table 'fruitkha.users' doesn't exist
in SYSTEMPATH\Database\BaseConnection.php on line 647.
 1 SYSTEMPATH\Database\BaseBuilder.php(1615): CodeIgniter\Database\BaseConnection->query('SELECT 1
FROM `users`
WHERE `email` = :email:
 LIMIT 1', [...], false)
 2 SYSTEMPATH\Validation\StrictRules\Rules.php(212): CodeIgniter\Database\BaseBuilder->get()
 3 SYSTEMPATH\Validation\Validation.php(311): CodeIgniter\Validation\StrictRules\Rules->is_unique('alauddin@gmail.com', 'email', [...], null, 'email')
 4 SYSTEMPATH\Validation\Validation.php(197): CodeIgniter\Validation\Validation->processRules('email', 'email', 'alauddin@gmail.com', [...], [...])
 5 SYSTEMPATH\Controller.php(152): CodeIgniter\Validation\Validation->run()
 6 APPPATH\Controllers\SignupController.php(26): CodeIgniter\Controller->validate([...])
 7 SYSTEMPATH\CodeIgniter.php(942): App\Controllers\SignupController->store()
 8 SYSTEMPATH\CodeIgniter.php(502): CodeIgniter\CodeIgniter->runController(Object(App\Controllers\SignupController))
 9 SYSTEMPATH\CodeIgniter.php(361): CodeIgniter\CodeIgniter->handleRequest(null, Object(Config\Cache), false)
10 FCPATH\index.php(79): CodeIgniter\CodeIgniter->run()
11 SYSTEMPATH\Commands\Server\rewrite.php(47): require_once('F:\\xampp74\\htdocs\\Condeigniter_wdpf55\\codeigniter_admin_e-commerce_project\\public\\index.php')
ERROR - 2023-12-23 03:21:01 --> mysqli_sql_exception: Table 'fruitkha.users' doesn't exist in F:\xampp74\htdocs\Condeigniter_wdpf55\codeigniter_admin_e-commerce_project\system\Database\MySQLi\Connection.php:306
Stack trace:
#0 F:\xampp74\htdocs\Condeigniter_wdpf55\codeigniter_admin_e-commerce_project\system\Database\MySQLi\Connection.php(306): mysqli->query('SELECT 1\nFROM `...', 0)
#1 F:\xampp74\htdocs\Condeigniter_wdpf55\codeigniter_admin_e-commerce_project\system\Database\BaseConnection.php(693): CodeIgniter\Database\MySQLi\Connection->execute('SELECT 1\nFROM `...')
#2 F:\xampp74\htdocs\Condeigniter_wdpf55\codeigniter_admin_e-commerce_project\system\Database\BaseConnection.php(607): CodeIgniter\Database\BaseConnection->simpleQuery('SELECT 1\nFROM `...')
#3 F:\xampp74\htdocs\Condeigniter_wdpf55\codeigniter_admin_e-commerce_project\system\Database\BaseBuilder.php(1615): CodeIgniter\Database\BaseConnection->query('SELECT 1\nFROM `...', Array, false)
#4 F:\xampp74\htdocs\Condeigniter_wdpf55\codeigniter_admin_e-commerce_project\system\Validation\StrictRules\Rules.php(212): CodeIgniter\Database\BaseBuilder->get()
#5 F:\xampp74\htdocs\Condeigniter_wdpf55\codeigniter_admin_e-commerce_project\system\Validation\Validation.php(311): CodeIgniter\Validation\StrictRules\Rules->is_unique('alauddin@gmail....', 'email', Array, NULL, 'email')
#6 F:\xampp74\htdocs\Condeigniter_wdpf55\codeigniter_admin_e-commerce_project\system\Validation\Validation.php(197): CodeIgniter\Validation\Validation->processRules('email', 'email', 'alauddin@gmail....', Array, Array)
#7 F:\xampp74\htdocs\Condeigniter_wdpf55\codeigniter_admin_e-commerce_project\system\Controller.php(152): CodeIgniter\Validation\Validation->run()
#8 F:\xampp74\htdocs\Condeigniter_wdpf55\codeigniter_admin_e-commerce_project\app\Controllers\SignupController.php(26): CodeIgniter\Controller->validate(Array)
#9 F:\xampp74\htdocs\Condeigniter_wdpf55\codeigniter_admin_e-commerce_project\system\CodeIgniter.php(942): App\Controllers\SignupController->store()
#10 F:\xampp74\htdocs\Condeigniter_wdpf55\codeigniter_admin_e-commerce_project\system\CodeIgniter.php(502): CodeIgniter\CodeIgniter->runController(Object(App\Controllers\SignupController))
#11 F:\xampp74\htdocs\Condeigniter_wdpf55\codeigniter_admin_e-commerce_project\system\CodeIgniter.php(361): CodeIgniter\CodeIgniter->handleRequest(NULL, Object(Config\Cache), false)
#12 F:\xampp74\htdocs\Condeigniter_wdpf55\codeigniter_admin_e-commerce_project\public\index.php(79): CodeIgniter\CodeIgniter->run()
#13 F:\xampp74\htdocs\Condeigniter_wdpf55\codeigniter_admin_e-commerce_project\system\Commands\Server\rewrite.php(47): require_once('F:\\xampp74\\htdo...')
#14 {main}
CRITICAL - 2023-12-23 03:21:01 --> Table 'fruitkha.users' doesn't exist
in SYSTEMPATH\Database\BaseConnection.php on line 647.
 1 SYSTEMPATH\Database\BaseBuilder.php(1615): CodeIgniter\Database\BaseConnection->query('SELECT 1
FROM `users`
WHERE `email` = :email:
 LIMIT 1', [...], false)
 2 SYSTEMPATH\Validation\StrictRules\Rules.php(212): CodeIgniter\Database\BaseBuilder->get()
 3 SYSTEMPATH\Validation\Validation.php(311): CodeIgniter\Validation\StrictRules\Rules->is_unique('alauddin@gmail.com', 'email', [...], null, 'email')
 4 SYSTEMPATH\Validation\Validation.php(197): CodeIgniter\Validation\Validation->processRules('email', 'email', 'alauddin@gmail.com', [...], [...])
 5 SYSTEMPATH\Controller.php(152): CodeIgniter\Validation\Validation->run()
 6 APPPATH\Controllers\SignupController.php(26): CodeIgniter\Controller->validate([...])
 7 SYSTEMPATH\CodeIgniter.php(942): App\Controllers\SignupController->store()
 8 SYSTEMPATH\CodeIgniter.php(502): CodeIgniter\CodeIgniter->runController(Object(App\Controllers\SignupController))
 9 SYSTEMPATH\CodeIgniter.php(361): CodeIgniter\CodeIgniter->handleRequest(null, Object(Config\Cache), false)
10 FCPATH\index.php(79): CodeIgniter\CodeIgniter->run()
11 SYSTEMPATH\Commands\Server\rewrite.php(47): require_once('F:\\xampp74\\htdocs\\Condeigniter_wdpf55\\codeigniter_admin_e-commerce_project\\public\\index.php')
CRITICAL - 2023-12-23 03:22:23 --> syntax error, unexpected '}', expecting end of file
in APPPATH\Controllers\SignupController.php on line 47.
 1 SYSTEMPATH\Autoloader\Autoloader.php(291): CodeIgniter\Autoloader\Autoloader->includeFile('F:\\xampp74\\htdocs\\Condeigniter_wdpf55\\codeigniter_admin_e-commerce_project\\app\\Controllers\\SignupController.php')
 2 SYSTEMPATH\Autoloader\Autoloader.php(269): CodeIgniter\Autoloader\Autoloader->loadInNamespace('App\\Controllers\\SignupController')
 3 [internal function]: CodeIgniter\Autoloader\Autoloader->loadClass('App\\Controllers\\SignupController')
 4 [internal function]: spl_autoload_call('App\\Controllers\\SignupController')
 5 SYSTEMPATH\CodeIgniter.php(900): class_exists('\\App\\Controllers\\SignupController', true)
 6 SYSTEMPATH\CodeIgniter.php(489): CodeIgniter\CodeIgniter->startController()
 7 SYSTEMPATH\CodeIgniter.php(361): CodeIgniter\CodeIgniter->handleRequest(null, Object(Config\Cache), false)
 8 FCPATH\index.php(79): CodeIgniter\CodeIgniter->run()
 9 SYSTEMPATH\Commands\Server\rewrite.php(47): require_once('F:\\xampp74\\htdocs\\Condeigniter_wdpf55\\codeigniter_admin_e-commerce_project\\public\\index.php')
CRITICAL - 2023-12-23 03:22:23 --> syntax error, unexpected '}', expecting end of file
in APPPATH\Controllers\SignupController.php on line 47.
 1 SYSTEMPATH\Autoloader\Autoloader.php(291): CodeIgniter\Autoloader\Autoloader->includeFile('F:\\xampp74\\htdocs\\Condeigniter_wdpf55\\codeigniter_admin_e-commerce_project\\app\\Controllers\\SignupController.php')
 2 SYSTEMPATH\Autoloader\Autoloader.php(269): CodeIgniter\Autoloader\Autoloader->loadInNamespace('App\\Controllers\\SignupController')
 3 [internal function]: CodeIgniter\Autoloader\Autoloader->loadClass('App\\Controllers\\SignupController')
 4 [internal function]: spl_autoload_call('App\\Controllers\\SignupController')
 5 SYSTEMPATH\CodeIgniter.php(900): class_exists('\\App\\Controllers\\SignupController', true)
 6 SYSTEMPATH\CodeIgniter.php(489): CodeIgniter\CodeIgniter->startController()
 7 SYSTEMPATH\CodeIgniter.php(361): CodeIgniter\CodeIgniter->handleRequest(null, Object(Config\Cache), false)
 8 FCPATH\index.php(79): CodeIgniter\CodeIgniter->run()
 9 SYSTEMPATH\Commands\Server\rewrite.php(47): require_once('F:\\xampp74\\htdocs\\Condeigniter_wdpf55\\codeigniter_admin_e-commerce_project\\public\\index.php')
CRITICAL - 2023-12-23 03:22:25 --> syntax error, unexpected '}', expecting end of file
in APPPATH\Controllers\SignupController.php on line 47.
 1 SYSTEMPATH\Autoloader\Autoloader.php(291): CodeIgniter\Autoloader\Autoloader->includeFile('F:\\xampp74\\htdocs\\Condeigniter_wdpf55\\codeigniter_admin_e-commerce_project\\app\\Controllers\\SignupController.php')
 2 SYSTEMPATH\Autoloader\Autoloader.php(269): CodeIgniter\Autoloader\Autoloader->loadInNamespace('App\\Controllers\\SignupController')
 3 [internal function]: CodeIgniter\Autoloader\Autoloader->loadClass('App\\Controllers\\SignupController')
 4 [internal function]: spl_autoload_call('App\\Controllers\\SignupController')
 5 SYSTEMPATH\CodeIgniter.php(900): class_exists('\\App\\Controllers\\SignupController', true)
 6 SYSTEMPATH\CodeIgniter.php(489): CodeIgniter\CodeIgniter->startController()
 7 SYSTEMPATH\CodeIgniter.php(361): CodeIgniter\CodeIgniter->handleRequest(null, Object(Config\Cache), false)
 8 FCPATH\index.php(79): CodeIgniter\CodeIgniter->run()
 9 SYSTEMPATH\Commands\Server\rewrite.php(47): require_once('F:\\xampp74\\htdocs\\Condeigniter_wdpf55\\codeigniter_admin_e-commerce_project\\public\\index.php')
ERROR - 2023-12-23 03:28:55 --> mysqli_sql_exception: Unknown column 'email' in 'where clause' in F:\xampp74\htdocs\Condeigniter_wdpf55\codeigniter_admin_e-commerce_project\system\Database\MySQLi\Connection.php:306
Stack trace:
#0 F:\xampp74\htdocs\Condeigniter_wdpf55\codeigniter_admin_e-commerce_project\system\Database\MySQLi\Connection.php(306): mysqli->query('SELECT 1\nFROM `...', 0)
#1 F:\xampp74\htdocs\Condeigniter_wdpf55\codeigniter_admin_e-commerce_project\system\Database\BaseConnection.php(693): CodeIgniter\Database\MySQLi\Connection->execute('SELECT 1\nFROM `...')
#2 F:\xampp74\htdocs\Condeigniter_wdpf55\codeigniter_admin_e-commerce_project\system\Database\BaseConnection.php(607): CodeIgniter\Database\BaseConnection->simpleQuery('SELECT 1\nFROM `...')
#3 F:\xampp74\htdocs\Condeigniter_wdpf55\codeigniter_admin_e-commerce_project\system\Database\BaseBuilder.php(1615): CodeIgniter\Database\BaseConnection->query('SELECT 1\nFROM `...', Array, false)
#4 F:\xampp74\htdocs\Condeigniter_wdpf55\codeigniter_admin_e-commerce_project\system\Validation\StrictRules\Rules.php(212): CodeIgniter\Database\BaseBuilder->get()
#5 F:\xampp74\htdocs\Condeigniter_wdpf55\codeigniter_admin_e-commerce_project\system\Validation\Validation.php(311): CodeIgniter\Validation\StrictRules\Rules->is_unique('alauddin@gmail....', 'email', Array, NULL, 'email')
#6 F:\xampp74\htdocs\Condeigniter_wdpf55\codeigniter_admin_e-commerce_project\system\Validation\Validation.php(197): CodeIgniter\Validation\Validation->processRules('email', 'email', 'alauddin@gmail....', Array, Array)
#7 F:\xampp74\htdocs\Condeigniter_wdpf55\codeigniter_admin_e-commerce_project\system\Controller.php(152): CodeIgniter\Validation\Validation->run()
#8 F:\xampp74\htdocs\Condeigniter_wdpf55\codeigniter_admin_e-commerce_project\app\Controllers\SignupController.php(35): CodeIgniter\Controller->validate(Array)
#9 F:\xampp74\htdocs\Condeigniter_wdpf55\codeigniter_admin_e-commerce_project\system\CodeIgniter.php(942): App\Controllers\SignupController->store()
#10 F:\xampp74\htdocs\Condeigniter_wdpf55\codeigniter_admin_e-commerce_project\system\CodeIgniter.php(502): CodeIgniter\CodeIgniter->runController(Object(App\Controllers\SignupController))
#11 F:\xampp74\htdocs\Condeigniter_wdpf55\codeigniter_admin_e-commerce_project\system\CodeIgniter.php(361): CodeIgniter\CodeIgniter->handleRequest(NULL, Object(Config\Cache), false)
#12 F:\xampp74\htdocs\Condeigniter_wdpf55\codeigniter_admin_e-commerce_project\public\index.php(79): CodeIgniter\CodeIgniter->run()
#13 F:\xampp74\htdocs\Condeigniter_wdpf55\codeigniter_admin_e-commerce_project\system\Commands\Server\rewrite.php(47): require_once('F:\\xampp74\\htdo...')
#14 {main}
CRITICAL - 2023-12-23 03:28:55 --> Unknown column 'email' in 'where clause'
in SYSTEMPATH\Database\BaseConnection.php on line 647.
 1 SYSTEMPATH\Database\BaseBuilder.php(1615): CodeIgniter\Database\BaseConnection->query('SELECT 1
FROM `tbl_user`
WHERE `email` = :email:
 LIMIT 1', [...], false)
 2 SYSTEMPATH\Validation\StrictRules\Rules.php(212): CodeIgniter\Database\BaseBuilder->get()
 3 SYSTEMPATH\Validation\Validation.php(311): CodeIgniter\Validation\StrictRules\Rules->is_unique('alauddin@gmail.com', 'email', [...], null, 'email')
 4 SYSTEMPATH\Validation\Validation.php(197): CodeIgniter\Validation\Validation->processRules('email', 'email', 'alauddin@gmail.com', [...], [...])
 5 SYSTEMPATH\Controller.php(152): CodeIgniter\Validation\Validation->run()
 6 APPPATH\Controllers\SignupController.php(35): CodeIgniter\Controller->validate([...])
 7 SYSTEMPATH\CodeIgniter.php(942): App\Controllers\SignupController->store()
 8 SYSTEMPATH\CodeIgniter.php(502): CodeIgniter\CodeIgniter->runController(Object(App\Controllers\SignupController))
 9 SYSTEMPATH\CodeIgniter.php(361): CodeIgniter\CodeIgniter->handleRequest(null, Object(Config\Cache), false)
10 FCPATH\index.php(79): CodeIgniter\CodeIgniter->run()
11 SYSTEMPATH\Commands\Server\rewrite.php(47): require_once('F:\\xampp74\\htdocs\\Condeigniter_wdpf55\\codeigniter_admin_e-commerce_project\\public\\index.php')
INFO - 2023-12-23 03:29:36 --> Session: Class initialized using 'CodeIgniter\Session\Handlers\FileHandler' driver.
INFO - 2023-12-23 03:29:36 --> Session: Class initialized using 'CodeIgniter\Session\Handlers\FileHandler' driver.
INFO - 2023-12-23 05:50:07 --> Session: Class initialized using 'CodeIgniter\Session\Handlers\FileHandler' driver.
INFO - 2023-12-23 05:50:24 --> Session: Class initialized using 'CodeIgniter\Session\Handlers\FileHandler' driver.
INFO - 2023-12-23 05:51:50 --> Session: Class initialized using 'CodeIgniter\Session\Handlers\FileHandler' driver.
INFO - 2023-12-23 05:52:08 --> Session: Class initialized using 'CodeIgniter\Session\Handlers\FileHandler' driver.
INFO - 2023-12-23 05:53:33 --> Session: Class initialized using 'CodeIgniter\Session\Handlers\FileHandler' driver.
INFO - 2023-12-23 05:56:17 --> Session: Class initialized using 'CodeIgniter\Session\Handlers\FileHandler' driver.
INFO - 2023-12-23 05:56:18 --> Session: Class initialized using 'CodeIgniter\Session\Handlers\FileHandler' driver.
INFO - 2023-12-23 05:56:20 --> Session: Class initialized using 'CodeIgniter\Session\Handlers\FileHandler' driver.
INFO - 2023-12-23 05:56:34 --> Session: Class initialized using 'CodeIgniter\Session\Handlers\FileHandler' driver.
INFO - 2023-12-23 05:56:34 --> Session: Class initialized using 'CodeIgniter\Session\Handlers\FileHandler' driver.
INFO - 2023-12-23 05:59:37 --> Session: Class initialized using 'CodeIgniter\Session\Handlers\FileHandler' driver.
INFO - 2023-12-23 05:59:56 --> Session: Class initialized using 'CodeIgniter\Session\Handlers\FileHandler' driver.
INFO - 2023-12-23 05:59:56 --> Session: Class initialized using 'CodeIgniter\Session\Handlers\FileHandler' driver.
INFO - 2023-12-23 06:00:51 --> Session: Class initialized using 'CodeIgniter\Session\Handlers\FileHandler' driver.
INFO - 2023-12-23 06:00:52 --> Session: Class initialized using 'CodeIgniter\Session\Handlers\FileHandler' driver.
INFO - 2023-12-23 06:01:13 --> Session: Class initialized using 'CodeIgniter\Session\Handlers\FileHandler' driver.
INFO - 2023-12-23 06:01:13 --> Session: Class initialized using 'CodeIgniter\Session\Handlers\FileHandler' driver.
INFO - 2023-12-23 06:03:12 --> Session: Class initialized using 'CodeIgniter\Session\Handlers\FileHandler' driver.
INFO - 2023-12-23 06:03:12 --> Session: Class initialized using 'CodeIgniter\Session\Handlers\FileHandler' driver.
INFO - 2023-12-23 06:03:40 --> Session: Class initialized using 'CodeIgniter\Session\Handlers\FileHandler' driver.
INFO - 2023-12-23 06:03:40 --> Session: Class initialized using 'CodeIgniter\Session\Handlers\FileHandler' driver.
INFO - 2023-12-23 06:04:28 --> Session: Class initialized using 'CodeIgniter\Session\Handlers\FileHandler' driver.
INFO - 2023-12-23 06:04:44 --> Session: Class initialized using 'CodeIgniter\Session\Handlers\FileHandler' driver.
CRITICAL - 2023-12-23 06:04:44 --> Undefined index: password
in APPPATH\Controllers\SigninController.php on line 27.
 1 APPPATH\Controllers\SigninController.php(27): CodeIgniter\Debug\Exceptions->errorHandler(8, 'Undefined index: password', 'F:\\xampp74\\htdocs\\Condeigniter_wdpf55\\codeigniter_admin_e-commerce_project\\app\\Controllers\\SigninController.php', 27, [...])
 2 SYSTEMPATH\CodeIgniter.php(942): App\Controllers\SigninController->login()
 3 SYSTEMPATH\CodeIgniter.php(502): CodeIgniter\CodeIgniter->runController(Object(App\Controllers\SigninController))
 4 SYSTEMPATH\CodeIgniter.php(361): CodeIgniter\CodeIgniter->handleRequest(null, Object(Config\Cache), false)
 5 FCPATH\index.php(79): CodeIgniter\CodeIgniter->run()
 6 SYSTEMPATH\Commands\Server\rewrite.php(47): require_once('F:\\xampp74\\htdocs\\Condeigniter_wdpf55\\codeigniter_admin_e-commerce_project\\public\\index.php')
INFO - 2023-12-23 06:05:18 --> Session: Class initialized using 'CodeIgniter\Session\Handlers\FileHandler' driver.
INFO - 2023-12-23 06:05:37 --> Session: Class initialized using 'CodeIgniter\Session\Handlers\FileHandler' driver.
INFO - 2023-12-23 06:05:37 --> Session: Class initialized using 'CodeIgniter\Session\Handlers\FileHandler' driver.
INFO - 2023-12-23 06:05:51 --> Session: Class initialized using 'CodeIgniter\Session\Handlers\FileHandler' driver.
INFO - 2023-12-23 06:07:08 --> Session: Class initialized using 'CodeIgniter\Session\Handlers\FileHandler' driver.
INFO - 2023-12-23 06:07:09 --> Session: Class initialized using 'CodeIgniter\Session\Handlers\FileHandler' driver.
INFO - 2023-12-23 06:07:25 --> Session: Class initialized using 'CodeIgniter\Session\Handlers\FileHandler' driver.
INFO - 2023-12-23 06:07:29 --> Session: Class initialized using 'CodeIgniter\Session\Handlers\FileHandler' driver.
INFO - 2023-12-23 06:07:29 --> Session: Class initialized using 'CodeIgniter\Session\Handlers\FileHandler' driver.
INFO - 2023-12-23 07:21:16 --> Session: Class initialized using 'CodeIgniter\Session\Handlers\FileHandler' driver.
INFO - 2023-12-23 07:21:16 --> Session: Class initialized using 'CodeIgniter\Session\Handlers\FileHandler' driver.
INFO - 2023-12-23 07:35:53 --> Session: Class initialized using 'CodeIgniter\Session\Handlers\FileHandler' driver.
INFO - 2023-12-23 07:35:53 --> Session: Class initialized using 'CodeIgniter\Session\Handlers\FileHandler' driver.
INFO - 2023-12-23 08:03:54 --> Session: Class initialized using 'CodeIgniter\Session\Handlers\FileHandler' driver.
INFO - 2023-12-23 08:04:39 --> Session: Class initialized using 'CodeIgniter\Session\Handlers\FileHandler' driver.
INFO - 2023-12-23 08:04:39 --> Session: Class initialized using 'CodeIgniter\Session\Handlers\FileHandler' driver.
INFO - 2023-12-23 08:05:25 --> Session: Class initialized using 'CodeIgniter\Session\Handlers\FileHandler' driver.
INFO - 2023-12-23 08:06:05 --> Session: Class initialized using 'CodeIgniter\Session\Handlers\FileHandler' driver.
INFO - 2023-12-23 08:06:05 --> Session: Class initialized using 'CodeIgniter\Session\Handlers\FileHandler' driver.
ERROR - 2023-12-23 09:13:12 --> mysqli_sql_exception: Table 'fruitkha.category_name' doesn't exist in F:\xampp74\htdocs\Condeigniter_wdpf55\codeigniter_admin_e-commerce_project\system\Database\MySQLi\Connection.php:306
Stack trace:
#0 F:\xampp74\htdocs\Condeigniter_wdpf55\codeigniter_admin_e-commerce_project\system\Database\MySQLi\Connection.php(306): mysqli->query('SELECT *\nFROM `...', 0)
#1 F:\xampp74\htdocs\Condeigniter_wdpf55\codeigniter_admin_e-commerce_project\system\Database\BaseConnection.php(693): CodeIgniter\Database\MySQLi\Connection->execute('SELECT *\nFROM `...')
#2 F:\xampp74\htdocs\Condeigniter_wdpf55\codeigniter_admin_e-commerce_project\system\Database\BaseConnection.php(607): CodeIgniter\Database\BaseConnection->simpleQuery('SELECT *\nFROM `...')
#3 F:\xampp74\htdocs\Condeigniter_wdpf55\codeigniter_admin_e-commerce_project\system\Database\BaseBuilder.php(1615): CodeIgniter\Database\BaseConnection->query('SELECT *\nFROM `...', Array, false)
#4 F:\xampp74\htdocs\Condeigniter_wdpf55\codeigniter_admin_e-commerce_project\system\Model.php(237): CodeIgniter\Database\BaseBuilder->get()
#5 F:\xampp74\htdocs\Condeigniter_wdpf55\codeigniter_admin_e-commerce_project\system\BaseModel.php(624): CodeIgniter\Model->doFindAll(0, 0)
#6 F:\xampp74\htdocs\Condeigniter_wdpf55\codeigniter_admin_e-commerce_project\app\Controllers\Products.php(25): CodeIgniter\BaseModel->findAll()
#7 F:\xampp74\htdocs\Condeigniter_wdpf55\codeigniter_admin_e-commerce_project\system\CodeIgniter.php(942): App\Controllers\Products->index()
#8 F:\xampp74\htdocs\Condeigniter_wdpf55\codeigniter_admin_e-commerce_project\system\CodeIgniter.php(502): CodeIgniter\CodeIgniter->runController(Object(App\Controllers\Products))
#9 F:\xampp74\htdocs\Condeigniter_wdpf55\codeigniter_admin_e-commerce_project\system\CodeIgniter.php(361): CodeIgniter\CodeIgniter->handleRequest(NULL, Object(Config\Cache), false)
#10 F:\xampp74\htdocs\Condeigniter_wdpf55\codeigniter_admin_e-commerce_project\public\index.php(79): CodeIgniter\CodeIgniter->run()
#11 F:\xampp74\htdocs\Condeigniter_wdpf55\codeigniter_admin_e-commerce_project\system\Commands\Server\rewrite.php(47): require_once('F:\\xampp74\\htdo...')
#12 {main}
CRITICAL - 2023-12-23 09:13:12 --> Table 'fruitkha.category_name' doesn't exist
in SYSTEMPATH\Database\BaseConnection.php on line 647.
 1 SYSTEMPATH\Database\BaseBuilder.php(1615): CodeIgniter\Database\BaseConnection->query('SELECT *
FROM `tbl_product`
JOIN `category_name` USING (`brand_name`)', [], false)
 2 SYSTEMPATH\Model.php(237): CodeIgniter\Database\BaseBuilder->get()
 3 SYSTEMPATH\BaseModel.php(624): CodeIgniter\Model->doFindAll(0, 0)
 4 APPPATH\Controllers\Products.php(25): CodeIgniter\BaseModel->findAll()
 5 SYSTEMPATH\CodeIgniter.php(942): App\Controllers\Products->index()
 6 SYSTEMPATH\CodeIgniter.php(502): CodeIgniter\CodeIgniter->runController(Object(App\Controllers\Products))
 7 SYSTEMPATH\CodeIgniter.php(361): CodeIgniter\CodeIgniter->handleRequest(null, Object(Config\Cache), false)
 8 FCPATH\index.php(79): CodeIgniter\CodeIgniter->run()
 9 SYSTEMPATH\Commands\Server\rewrite.php(47): require_once('F:\\xampp74\\htdocs\\Condeigniter_wdpf55\\codeigniter_admin_e-commerce_project\\public\\index.php')
ERROR - 2023-12-23 09:14:25 --> mysqli_sql_exception: Table 'fruitkha.category_name' doesn't exist in F:\xampp74\htdocs\Condeigniter_wdpf55\codeigniter_admin_e-commerce_project\system\Database\MySQLi\Connection.php:306
Stack trace:
#0 F:\xampp74\htdocs\Condeigniter_wdpf55\codeigniter_admin_e-commerce_project\system\Database\MySQLi\Connection.php(306): mysqli->query('SELECT *\nFROM `...', 0)
#1 F:\xampp74\htdocs\Condeigniter_wdpf55\codeigniter_admin_e-commerce_project\system\Database\BaseConnection.php(693): CodeIgniter\Database\MySQLi\Connection->execute('SELECT *\nFROM `...')
#2 F:\xampp74\htdocs\Condeigniter_wdpf55\codeigniter_admin_e-commerce_project\system\Database\BaseConnection.php(607): CodeIgniter\Database\BaseConnection->simpleQuery('SELECT *\nFROM `...')
#3 F:\xampp74\htdocs\Condeigniter_wdpf55\codeigniter_admin_e-commerce_project\system\Database\BaseBuilder.php(1615): CodeIgniter\Database\BaseConnection->query('SELECT *\nFROM `...', Array, false)
#4 F:\xampp74\htdocs\Condeigniter_wdpf55\codeigniter_admin_e-commerce_project\system\Model.php(237): CodeIgniter\Database\BaseBuilder->get()
#5 F:\xampp74\htdocs\Condeigniter_wdpf55\codeigniter_admin_e-commerce_project\system\BaseModel.php(624): CodeIgniter\Model->doFindAll(0, 0)
#6 F:\xampp74\htdocs\Condeigniter_wdpf55\codeigniter_admin_e-commerce_project\app\Controllers\Products.php(25): CodeIgniter\BaseModel->findAll()
#7 F:\xampp74\htdocs\Condeigniter_wdpf55\codeigniter_admin_e-commerce_project\system\CodeIgniter.php(942): App\Controllers\Products->index()
#8 F:\xampp74\htdocs\Condeigniter_wdpf55\codeigniter_admin_e-commerce_project\system\CodeIgniter.php(502): CodeIgniter\CodeIgniter->runController(Object(App\Controllers\Products))
#9 F:\xampp74\htdocs\Condeigniter_wdpf55\codeigniter_admin_e-commerce_project\system\CodeIgniter.php(361): CodeIgniter\CodeIgniter->handleRequest(NULL, Object(Config\Cache), false)
#10 F:\xampp74\htdocs\Condeigniter_wdpf55\codeigniter_admin_e-commerce_project\public\index.php(79): CodeIgniter\CodeIgniter->run()
#11 F:\xampp74\htdocs\Condeigniter_wdpf55\codeigniter_admin_e-commerce_project\system\Commands\Server\rewrite.php(47): require_once('F:\\xampp74\\htdo...')
#12 {main}
CRITICAL - 2023-12-23 09:14:25 --> Table 'fruitkha.category_name' doesn't exist
in SYSTEMPATH\Database\BaseConnection.php on line 647.
 1 SYSTEMPATH\Database\BaseBuilder.php(1615): CodeIgniter\Database\BaseConnection->query('SELECT *
FROM `tbl_product`
JOIN `category_name` ON `category_id` = `tbl_product`.`category_id`', [], false)
 2 SYSTEMPATH\Model.php(237): CodeIgniter\Database\BaseBuilder->get()
 3 SYSTEMPATH\BaseModel.php(624): CodeIgniter\Model->doFindAll(0, 0)
 4 APPPATH\Controllers\Products.php(25): CodeIgniter\BaseModel->findAll()
 5 SYSTEMPATH\CodeIgniter.php(942): App\Controllers\Products->index()
 6 SYSTEMPATH\CodeIgniter.php(502): CodeIgniter\CodeIgniter->runController(Object(App\Controllers\Products))
 7 SYSTEMPATH\CodeIgniter.php(361): CodeIgniter\CodeIgniter->handleRequest(null, Object(Config\Cache), false)
 8 FCPATH\index.php(79): CodeIgniter\CodeIgniter->run()
 9 SYSTEMPATH\Commands\Server\rewrite.php(47): require_once('F:\\xampp74\\htdocs\\Condeigniter_wdpf55\\codeigniter_admin_e-commerce_project\\public\\index.php')
ERROR - 2023-12-23 09:34:42 --> mysqli_sql_exception: Unknown column 'category_id' in 'on clause' in F:\xampp74\htdocs\Condeigniter_wdpf55\codeigniter_admin_e-commerce_project\system\Database\MySQLi\Connection.php:306
Stack trace:
#0 F:\xampp74\htdocs\Condeigniter_wdpf55\codeigniter_admin_e-commerce_project\system\Database\MySQLi\Connection.php(306): mysqli->query('SELECT *\nFROM `...', 0)
#1 F:\xampp74\htdocs\Condeigniter_wdpf55\codeigniter_admin_e-commerce_project\system\Database\BaseConnection.php(693): CodeIgniter\Database\MySQLi\Connection->execute('SELECT *\nFROM `...')
#2 F:\xampp74\htdocs\Condeigniter_wdpf55\codeigniter_admin_e-commerce_project\system\Database\BaseConnection.php(607): CodeIgniter\Database\BaseConnection->simpleQuery('SELECT *\nFROM `...')
#3 F:\xampp74\htdocs\Condeigniter_wdpf55\codeigniter_admin_e-commerce_project\system\Database\BaseBuilder.php(1615): CodeIgniter\Database\BaseConnection->query('SELECT *\nFROM `...', Array, false)
#4 F:\xampp74\htdocs\Condeigniter_wdpf55\codeigniter_admin_e-commerce_project\system\Model.php(237): CodeIgniter\Database\BaseBuilder->get()
#5 F:\xampp74\htdocs\Condeigniter_wdpf55\codeigniter_admin_e-commerce_project\system\BaseModel.php(624): CodeIgniter\Model->doFindAll(0, 0)
#6 F:\xampp74\htdocs\Condeigniter_wdpf55\codeigniter_admin_e-commerce_project\app\Controllers\Products.php(25): CodeIgniter\BaseModel->findAll()
#7 F:\xampp74\htdocs\Condeigniter_wdpf55\codeigniter_admin_e-commerce_project\system\CodeIgniter.php(942): App\Controllers\Products->index()
#8 F:\xampp74\htdocs\Condeigniter_wdpf55\codeigniter_admin_e-commerce_project\system\CodeIgniter.php(502): CodeIgniter\CodeIgniter->runController(Object(App\Controllers\Products))
#9 F:\xampp74\htdocs\Condeigniter_wdpf55\codeigniter_admin_e-commerce_project\system\CodeIgniter.php(361): CodeIgniter\CodeIgniter->handleRequest(NULL, Object(Config\Cache), false)
#10 F:\xampp74\htdocs\Condeigniter_wdpf55\codeigniter_admin_e-commerce_project\public\index.php(79): CodeIgniter\CodeIgniter->run()
#11 F:\xampp74\htdocs\Condeigniter_wdpf55\codeigniter_admin_e-commerce_project\system\Commands\Server\rewrite.php(47): require_once('F:\\xampp74\\htdo...')
#12 {main}
CRITICAL - 2023-12-23 09:34:42 --> Unknown column 'category_id' in 'on clause'
in SYSTEMPATH\Database\BaseConnection.php on line 647.
 1 SYSTEMPATH\Database\BaseBuilder.php(1615): CodeIgniter\Database\BaseConnection->query('SELECT *
FROM `tbl_product`
JOIN `tbl_category` ON `category_id` = `tbl_product`.`category_id`', [], false)
 2 SYSTEMPATH\Model.php(237): CodeIgniter\Database\BaseBuilder->get()
 3 SYSTEMPATH\BaseModel.php(624): CodeIgniter\Model->doFindAll(0, 0)
 4 APPPATH\Controllers\Products.php(25): CodeIgniter\BaseModel->findAll()
 5 SYSTEMPATH\CodeIgniter.php(942): App\Controllers\Products->index()
 6 SYSTEMPATH\CodeIgniter.php(502): CodeIgniter\CodeIgniter->runController(Object(App\Controllers\Products))
 7 SYSTEMPATH\CodeIgniter.php(361): CodeIgniter\CodeIgniter->handleRequest(null, Object(Config\Cache), false)
 8 FCPATH\index.php(79): CodeIgniter\CodeIgniter->run()
 9 SYSTEMPATH\Commands\Server\rewrite.php(47): require_once('F:\\xampp74\\htdocs\\Condeigniter_wdpf55\\codeigniter_admin_e-commerce_project\\public\\index.php')
ERROR - 2023-12-23 09:35:40 --> mysqli_sql_exception: Unknown column 'tbl_product.category_id' in 'on clause' in F:\xampp74\htdocs\Condeigniter_wdpf55\codeigniter_admin_e-commerce_project\system\Database\MySQLi\Connection.php:306
Stack trace:
#0 F:\xampp74\htdocs\Condeigniter_wdpf55\codeigniter_admin_e-commerce_project\system\Database\MySQLi\Connection.php(306): mysqli->query('SELECT *\nFROM `...', 0)
#1 F:\xampp74\htdocs\Condeigniter_wdpf55\codeigniter_admin_e-commerce_project\system\Database\BaseConnection.php(693): CodeIgniter\Database\MySQLi\Connection->execute('SELECT *\nFROM `...')
#2 F:\xampp74\htdocs\Condeigniter_wdpf55\codeigniter_admin_e-commerce_project\system\Database\BaseConnection.php(607): CodeIgniter\Database\BaseConnection->simpleQuery('SELECT *\nFROM `...')
#3 F:\xampp74\htdocs\Condeigniter_wdpf55\codeigniter_admin_e-commerce_project\system\Database\BaseBuilder.php(1615): CodeIgniter\Database\BaseConnection->query('SELECT *\nFROM `...', Array, false)
#4 F:\xampp74\htdocs\Condeigniter_wdpf55\codeigniter_admin_e-commerce_project\system\Model.php(237): CodeIgniter\Database\BaseBuilder->get()
#5 F:\xampp74\htdocs\Condeigniter_wdpf55\codeigniter_admin_e-commerce_project\system\BaseModel.php(624): CodeIgniter\Model->doFindAll(0, 0)
#6 F:\xampp74\htdocs\Condeigniter_wdpf55\codeigniter_admin_e-commerce_project\app\Controllers\Products.php(25): CodeIgniter\BaseModel->findAll()
#7 F:\xampp74\htdocs\Condeigniter_wdpf55\codeigniter_admin_e-commerce_project\system\CodeIgniter.php(942): App\Controllers\Products->index()
#8 F:\xampp74\htdocs\Condeigniter_wdpf55\codeigniter_admin_e-commerce_project\system\CodeIgniter.php(502): CodeIgniter\CodeIgniter->runController(Object(App\Controllers\Products))
#9 F:\xampp74\htdocs\Condeigniter_wdpf55\codeigniter_admin_e-commerce_project\system\CodeIgniter.php(361): CodeIgniter\CodeIgniter->handleRequest(NULL, Object(Config\Cache), false)
#10 F:\xampp74\htdocs\Condeigniter_wdpf55\codeigniter_admin_e-commerce_project\public\index.php(79): CodeIgniter\CodeIgniter->run()
#11 F:\xampp74\htdocs\Condeigniter_wdpf55\codeigniter_admin_e-commerce_project\system\Commands\Server\rewrite.php(47): require_once('F:\\xampp74\\htdo...')
#12 {main}
CRITICAL - 2023-12-23 09:35:40 --> Unknown column 'tbl_product.category_id' in 'on clause'
in SYSTEMPATH\Database\BaseConnection.php on line 647.
 1 SYSTEMPATH\Database\BaseBuilder.php(1615): CodeIgniter\Database\BaseConnection->query('SELECT *
FROM `tbl_product`
JOIN `tbl_category` ON `tbl_category`.`id` = `tbl_product`.`category_id`', [], false)
 2 SYSTEMPATH\Model.php(237): CodeIgniter\Database\BaseBuilder->get()
 3 SYSTEMPATH\BaseModel.php(624): CodeIgniter\Model->doFindAll(0, 0)
 4 APPPATH\Controllers\Products.php(25): CodeIgniter\BaseModel->findAll()
 5 SYSTEMPATH\CodeIgniter.php(942): App\Controllers\Products->index()
 6 SYSTEMPATH\CodeIgniter.php(502): CodeIgniter\CodeIgniter->runController(Object(App\Controllers\Products))
 7 SYSTEMPATH\CodeIgniter.php(361): CodeIgniter\CodeIgniter->handleRequest(null, Object(Config\Cache), false)
 8 FCPATH\index.php(79): CodeIgniter\CodeIgniter->run()
 9 SYSTEMPATH\Commands\Server\rewrite.php(47): require_once('F:\\xampp74\\htdocs\\Condeigniter_wdpf55\\codeigniter_admin_e-commerce_project\\public\\index.php')
CRITICAL - 2023-12-23 09:39:37 --> Undefined index: brand_name
in APPPATH\Views\product\index.php on line 111.
 1 APPPATH\Views\product\index.php(111): CodeIgniter\Debug\Exceptions->errorHandler(8, 'Undefined index: brand_name', 'F:\\xampp74\\htdocs\\Condeigniter_wdpf55\\codeigniter_admin_e-commerce_project\\app\\Views\\product\\index.php', 111, [...])
 2 SYSTEMPATH\View\View.php(228): include('F:\\xampp74\\htdocs\\Condeigniter_wdpf55\\codeigniter_admin_e-commerce_project\\app\\Views\\product\\index.php')
 3 SYSTEMPATH\View\View.php(231): CodeIgniter\View\View->CodeIgniter\View\{closure}()
 4 SYSTEMPATH\Common.php(1190): CodeIgniter\View\View->render('product/index', [], true)
 5 APPPATH\Controllers\Products.php(27): view('product/index', [...])
 6 SYSTEMPATH\CodeIgniter.php(942): App\Controllers\Products->index()
 7 SYSTEMPATH\CodeIgniter.php(502): CodeIgniter\CodeIgniter->runController(Object(App\Controllers\Products))
 8 SYSTEMPATH\CodeIgniter.php(361): CodeIgniter\CodeIgniter->handleRequest(null, Object(Config\Cache), false)
 9 FCPATH\index.php(79): CodeIgniter\CodeIgniter->run()
10 SYSTEMPATH\Commands\Server\rewrite.php(47): require_once('F:\\xampp74\\htdocs\\Condeigniter_wdpf55\\codeigniter_admin_e-commerce_project\\public\\index.php')
CRITICAL - 2023-12-23 09:40:15 --> Undefined index: brand_name
in APPPATH\Views\product\index.php on line 111.
 1 APPPATH\Views\product\index.php(111): CodeIgniter\Debug\Exceptions->errorHandler(8, 'Undefined index: brand_name', 'F:\\xampp74\\htdocs\\Condeigniter_wdpf55\\codeigniter_admin_e-commerce_project\\app\\Views\\product\\index.php', 111, [...])
 2 SYSTEMPATH\View\View.php(228): include('F:\\xampp74\\htdocs\\Condeigniter_wdpf55\\codeigniter_admin_e-commerce_project\\app\\Views\\product\\index.php')
 3 SYSTEMPATH\View\View.php(231): CodeIgniter\View\View->CodeIgniter\View\{closure}()
 4 SYSTEMPATH\Common.php(1190): CodeIgniter\View\View->render('product/index', [], true)
 5 APPPATH\Controllers\Products.php(27): view('product/index', [...])
 6 SYSTEMPATH\CodeIgniter.php(942): App\Controllers\Products->index()
 7 SYSTEMPATH\CodeIgniter.php(502): CodeIgniter\CodeIgniter->runController(Object(App\Controllers\Products))
 8 SYSTEMPATH\CodeIgniter.php(361): CodeIgniter\CodeIgniter->handleRequest(null, Object(Config\Cache), false)
 9 FCPATH\index.php(79): CodeIgniter\CodeIgniter->run()
10 SYSTEMPATH\Commands\Server\rewrite.php(47): require_once('F:\\xampp74\\htdocs\\Condeigniter_wdpf55\\codeigniter_admin_e-commerce_project\\public\\index.php')
ERROR - 2023-12-23 09:41:21 --> mysqli_sql_exception: Unknown column 'tbl_brand' in 'from clause' in F:\xampp74\htdocs\Condeigniter_wdpf55\codeigniter_admin_e-commerce_project\system\Database\MySQLi\Connection.php:306
Stack trace:
#0 F:\xampp74\htdocs\Condeigniter_wdpf55\codeigniter_admin_e-commerce_project\system\Database\MySQLi\Connection.php(306): mysqli->query('SELECT *\nFROM `...', 0)
#1 F:\xampp74\htdocs\Condeigniter_wdpf55\codeigniter_admin_e-commerce_project\system\Database\BaseConnection.php(693): CodeIgniter\Database\MySQLi\Connection->execute('SELECT *\nFROM `...')
#2 F:\xampp74\htdocs\Condeigniter_wdpf55\codeigniter_admin_e-commerce_project\system\Database\BaseConnection.php(607): CodeIgniter\Database\BaseConnection->simpleQuery('SELECT *\nFROM `...')
#3 F:\xampp74\htdocs\Condeigniter_wdpf55\codeigniter_admin_e-commerce_project\system\Database\BaseBuilder.php(1615): CodeIgniter\Database\BaseConnection->query('SELECT *\nFROM `...', Array, false)
#4 F:\xampp74\htdocs\Condeigniter_wdpf55\codeigniter_admin_e-commerce_project\system\Model.php(237): CodeIgniter\Database\BaseBuilder->get()
#5 F:\xampp74\htdocs\Condeigniter_wdpf55\codeigniter_admin_e-commerce_project\system\BaseModel.php(624): CodeIgniter\Model->doFindAll(0, 0)
#6 F:\xampp74\htdocs\Condeigniter_wdpf55\codeigniter_admin_e-commerce_project\app\Controllers\Products.php(25): CodeIgniter\BaseModel->findAll()
#7 F:\xampp74\htdocs\Condeigniter_wdpf55\codeigniter_admin_e-commerce_project\system\CodeIgniter.php(942): App\Controllers\Products->index()
#8 F:\xampp74\htdocs\Condeigniter_wdpf55\codeigniter_admin_e-commerce_project\system\CodeIgniter.php(502): CodeIgniter\CodeIgniter->runController(Object(App\Controllers\Products))
#9 F:\xampp74\htdocs\Condeigniter_wdpf55\codeigniter_admin_e-commerce_project\system\CodeIgniter.php(361): CodeIgniter\CodeIgniter->handleRequest(NULL, Object(Config\Cache), false)
#10 F:\xampp74\htdocs\Condeigniter_wdpf55\codeigniter_admin_e-commerce_project\public\index.php(79): CodeIgniter\CodeIgniter->run()
#11 F:\xampp74\htdocs\Condeigniter_wdpf55\codeigniter_admin_e-commerce_project\system\Commands\Server\rewrite.php(47): require_once('F:\\xampp74\\htdo...')
#12 {main}
CRITICAL - 2023-12-23 09:41:21 --> Unknown column 'tbl_brand' in 'from clause'
in SYSTEMPATH\Database\BaseConnection.php on line 647.
 1 SYSTEMPATH\Database\BaseBuilder.php(1615): CodeIgniter\Database\BaseConnection->query('SELECT *
FROM `tbl_product`
JOIN `tbl_category` USING (`tbl_brand`)', [], false)
 2 SYSTEMPATH\Model.php(237): CodeIgniter\Database\BaseBuilder->get()
 3 SYSTEMPATH\BaseModel.php(624): CodeIgniter\Model->doFindAll(0, 0)
 4 APPPATH\Controllers\Products.php(25): CodeIgniter\BaseModel->findAll()
 5 SYSTEMPATH\CodeIgniter.php(942): App\Controllers\Products->index()
 6 SYSTEMPATH\CodeIgniter.php(502): CodeIgniter\CodeIgniter->runController(Object(App\Controllers\Products))
 7 SYSTEMPATH\CodeIgniter.php(361): CodeIgniter\CodeIgniter->handleRequest(null, Object(Config\Cache), false)
 8 FCPATH\index.php(79): CodeIgniter\CodeIgniter->run()
 9 SYSTEMPATH\Commands\Server\rewrite.php(47): require_once('F:\\xampp74\\htdocs\\Condeigniter_wdpf55\\codeigniter_admin_e-commerce_project\\public\\index.php')
INFO - 2023-12-23 12:58:25 --> Session: Class initialized using 'CodeIgniter\Session\Handlers\FileHandler' driver.
INFO - 2023-12-23 12:58:25 --> Session: Class initialized using 'CodeIgniter\Session\Handlers\FileHandler' driver.
INFO - 2023-12-23 12:58:39 --> Session: Class initialized using 'CodeIgniter\Session\Handlers\FileHandler' driver.
INFO - 2023-12-23 12:58:39 --> Session: Class initialized using 'CodeIgniter\Session\Handlers\FileHandler' driver.
INFO - 2023-12-23 12:58:43 --> Session: Class initialized using 'CodeIgniter\Session\Handlers\FileHandler' driver.
INFO - 2023-12-23 12:58:45 --> Session: Class initialized using 'CodeIgniter\Session\Handlers\FileHandler' driver.
INFO - 2023-12-23 12:58:48 --> Session: Class initialized using 'CodeIgniter\Session\Handlers\FileHandler' driver.
INFO - 2023-12-23 12:58:50 --> Session: Class initialized using 'CodeIgniter\Session\Handlers\FileHandler' driver.
INFO - 2023-12-23 12:58:53 --> Session: Class initialized using 'CodeIgniter\Session\Handlers\FileHandler' driver.
CRITICAL - 2023-12-23 12:58:55 --> "noAuth" filter must have a matching alias defined.
in SYSTEMPATH\Filters\Filters.php on line 354.
 1 SYSTEMPATH\Filters\Filters.php(354): CodeIgniter\Filters\Exceptions\FilterException::forNoAlias('noAuth')
 2 SYSTEMPATH\CodeIgniter.php(467): CodeIgniter\Filters\Filters->enableFilter('noAuth', 'before')
 3 SYSTEMPATH\CodeIgniter.php(361): CodeIgniter\CodeIgniter->handleRequest(null, Object(Config\Cache), false)
 4 FCPATH\index.php(79): CodeIgniter\CodeIgniter->run()
 5 SYSTEMPATH\Commands\Server\rewrite.php(47): require_once('F:\\xampp74\\htdocs\\Condeigniter_wdpf55\\codeigniter_admin_e-commerce_project\\public\\index.php')
INFO - 2023-12-23 13:01:03 --> Session: Class initialized using 'CodeIgniter\Session\Handlers\FileHandler' driver.
INFO - 2023-12-23 13:01:11 --> Session: Class initialized using 'CodeIgniter\Session\Handlers\FileHandler' driver.
INFO - 2023-12-23 13:01:11 --> Session: Class initialized using 'CodeIgniter\Session\Handlers\FileHandler' driver.
INFO - 2023-12-23 13:01:13 --> Session: Class initialized using 'CodeIgniter\Session\Handlers\FileHandler' driver.
INFO - 2023-12-23 13:01:14 --> Session: Class initialized using 'CodeIgniter\Session\Handlers\FileHandler' driver.
INFO - 2023-12-23 13:01:14 --> Session: Class initialized using 'CodeIgniter\Session\Handlers\FileHandler' driver.
INFO - 2023-12-23 13:01:14 --> Session: Class initialized using 'CodeIgniter\Session\Handlers\FileHandler' driver.
INFO - 2023-12-23 13:01:15 --> Session: Class initialized using 'CodeIgniter\Session\Handlers\FileHandler' driver.
INFO - 2023-12-23 13:01:15 --> Session: Class initialized using 'CodeIgniter\Session\Handlers\FileHandler' driver.
